{"/Users/nikolas/team-productivity-platform/bff-nestjs/src/app.controller.ts": {"path":"/Users/nikolas/team-productivity-platform/bff-nestjs/src/app.controller.ts","statementMap":{"0":{"start":{"line":1,"column":0},"end":{"line":1,"column":49}},"1":{"start":{"line":2,"column":0},"end":{"line":2,"column":43}},"2":{"start":{"line":5,"column":7},"end":{"line":13,"column":null}},"3":{"start":{"line":6,"column":31},"end":{"line":6,"column":43}},"4":{"start":{"line":11,"column":4},"end":{"line":11,"column":44}},"5":{"start":{"line":5,"column":13},"end":{"line":5,"column":26}},"6":{"start":{"line":9,"column":8},"end":{"line":12,"column":null}},"7":{"start":{"line":5,"column":13},"end":{"line":13,"column":null}}},"fnMap":{"0":{"name":"(anonymous_2)","decl":{"start":{"line":6,"column":2},"end":{"line":6,"column":31}},"loc":{"start":{"line":6,"column":53},"end":{"line":6,"column":57}}},"1":{"name":"(anonymous_3)","decl":{"start":{"line":9,"column":2},"end":{"line":9,"column":7}},"loc":{"start":{"line":9,"column":16},"end":{"line":12,"column":3}}}},"branchMap":{},"s":{"0":1,"1":1,"2":1,"3":2,"4":0,"5":1,"6":1,"7":1},"f":{"0":2,"1":0},"b":{}}
,"/Users/nikolas/team-productivity-platform/bff-nestjs/src/app.service.ts": {"path":"/Users/nikolas/team-productivity-platform/bff-nestjs/src/app.service.ts","statementMap":{"0":{"start":{"line":1,"column":0},"end":{"line":1,"column":44}},"1":{"start":{"line":2,"column":0},"end":{"line":2,"column":56}},"2":{"start":{"line":5,"column":7},"end":{"line":21,"column":null}},"3":{"start":{"line":7,"column":22},"end":{"line":7,"column":30}},"4":{"start":{"line":11,"column":17},"end":{"line":17,"column":6}},"5":{"start":{"line":19,"column":4},"end":{"line":19,"column":74}},"6":{"start":{"line":5,"column":13},"end":{"line":5,"column":23}},"7":{"start":{"line":5,"column":13},"end":{"line":21,"column":null}}},"fnMap":{"0":{"name":"(anonymous_2)","decl":{"start":{"line":7,"column":2},"end":{"line":7,"column":22}},"loc":{"start":{"line":7,"column":43},"end":{"line":7,"column":47}}},"1":{"name":"(anonymous_3)","decl":{"start":{"line":9,"column":2},"end":{"line":9,"column":7}},"loc":{"start":{"line":9,"column":16},"end":{"line":20,"column":3}}}},"branchMap":{},"s":{"0":1,"1":1,"2":1,"3":2,"4":0,"5":0,"6":1,"7":1},"f":{"0":2,"1":0},"b":{}}
,"/Users/nikolas/team-productivity-platform/bff-nestjs/src/auth/auth.controller.ts": {"path":"/Users/nikolas/team-productivity-platform/bff-nestjs/src/auth/auth.controller.ts","statementMap":{"0":{"start":{"line":1,"column":0},"end":{"line":1,"column":94}},"1":{"start":{"line":3,"column":0},"end":{"line":3,"column":45}},"2":{"start":{"line":4,"column":0},"end":{"line":4,"column":55}},"3":{"start":{"line":6,"column":0},"end":{"line":6,"column":44}},"4":{"start":{"line":7,"column":0},"end":{"line":7,"column":80}},"5":{"start":{"line":10,"column":7},"end":{"line":44,"column":null}},"6":{"start":{"line":11,"column":22},"end":{"line":11,"column":35}},"7":{"start":{"line":17,"column":4},"end":{"line":17,"column":50}},"8":{"start":{"line":24,"column":4},"end":{"line":24,"column":50}},"9":{"start":{"line":30,"column":4},"end":{"line":30,"column":48}},"10":{"start":{"line":42,"column":4},"end":{"line":42,"column":69}},"11":{"start":{"line":10,"column":13},"end":{"line":10,"column":27}},"12":{"start":{"line":16,"column":2},"end":{"line":18,"column":null}},"13":{"start":{"line":23,"column":2},"end":{"line":25,"column":null}},"14":{"start":{"line":29,"column":2},"end":{"line":31,"column":null}},"15":{"start":{"line":37,"column":2},"end":{"line":43,"column":null}},"16":{"start":{"line":10,"column":13},"end":{"line":44,"column":null}}},"fnMap":{"0":{"name":"(anonymous_4)","decl":{"start":{"line":11,"column":2},"end":{"line":11,"column":22}},"loc":{"start":{"line":11,"column":46},"end":{"line":11,"column":50}}},"1":{"name":"(anonymous_5)","decl":{"start":{"line":16,"column":2},"end":{"line":16,"column":8}},"loc":{"start":{"line":16,"column":76},"end":{"line":18,"column":3}}},"2":{"name":"(anonymous_6)","decl":{"start":{"line":23,"column":2},"end":{"line":23,"column":8}},"loc":{"start":{"line":23,"column":73},"end":{"line":25,"column":3}}},"3":{"name":"(anonymous_7)","decl":{"start":{"line":29,"column":2},"end":{"line":29,"column":8}},"loc":{"start":{"line":29,"column":86},"end":{"line":31,"column":3}}},"4":{"name":"(anonymous_8)","decl":{"start":{"line":37,"column":2},"end":{"line":37,"column":15}},"loc":{"start":{"line":40,"column":45},"end":{"line":43,"column":3}}}},"branchMap":{},"s":{"0":1,"1":1,"2":1,"3":1,"4":1,"5":1,"6":5,"7":1,"8":1,"9":1,"10":1,"11":1,"12":1,"13":1,"14":1,"15":1,"16":1},"f":{"0":5,"1":1,"2":1,"3":1,"4":1},"b":{}}
,"/Users/nikolas/team-productivity-platform/bff-nestjs/src/auth/auth.service.ts": {"path":"/Users/nikolas/team-productivity-platform/bff-nestjs/src/auth/auth.service.ts","statementMap":{"0":{"start":{"line":1,"column":0},"end":{"line":1,"column":null}},"1":{"start":{"line":8,"column":0},"end":{"line":8,"column":47}},"2":{"start":{"line":9,"column":0},"end":{"line":9,"column":41}},"3":{"start":{"line":10,"column":0},"end":{"line":10,"column":57}},"4":{"start":{"line":11,"column":0},"end":{"line":11,"column":33}},"5":{"start":{"line":16,"column":24},"end":{"line":156,"column":null}},"6":{"start":{"line":17,"column":28},"end":{"line":17,"column":56}},"7":{"start":{"line":20,"column":12},"end":{"line":20,"column":20}},"8":{"start":{"line":21,"column":12},"end":{"line":21,"column":24}},"9":{"start":{"line":22,"column":12},"end":{"line":22,"column":20}},"10":{"start":{"line":26,"column":25},"end":{"line":28,"column":6}},"11":{"start":{"line":30,"column":4},"end":{"line":32,"column":5}},"12":{"start":{"line":31,"column":6},"end":{"line":31,"column":73}},"13":{"start":{"line":34,"column":17},"end":{"line":34,"column":48}},"14":{"start":{"line":36,"column":20},"end":{"line":42,"column":6}},"15":{"start":{"line":44,"column":19},"end":{"line":44,"column":80}},"16":{"start":{"line":45,"column":4},"end":{"line":45,"column":62}},"17":{"start":{"line":47,"column":4},"end":{"line":47,"column":45}},"18":{"start":{"line":51,"column":17},"end":{"line":53,"column":6}},"19":{"start":{"line":55,"column":4},"end":{"line":57,"column":5}},"20":{"start":{"line":56,"column":6},"end":{"line":56,"column":73}},"21":{"start":{"line":59,"column":28},"end":{"line":59,"column":76}},"22":{"start":{"line":60,"column":4},"end":{"line":62,"column":5}},"23":{"start":{"line":61,"column":6},"end":{"line":61,"column":73}},"24":{"start":{"line":64,"column":19},"end":{"line":64,"column":71}},"25":{"start":{"line":65,"column":4},"end":{"line":65,"column":59}},"26":{"start":{"line":67,"column":4},"end":{"line":67,"column":45}},"27":{"start":{"line":71,"column":4},"end":{"line":77,"column":7}},"28":{"start":{"line":79,"column":4},"end":{"line":83,"column":7}},"29":{"start":{"line":85,"column":4},"end":{"line":85,"column":29}},"30":{"start":{"line":89,"column":17},"end":{"line":91,"column":6}},"31":{"start":{"line":93,"column":4},"end":{"line":95,"column":5}},"32":{"start":{"line":94,"column":6},"end":{"line":94,"column":69}},"33":{"start":{"line":97,"column":22},"end":{"line":97,"column":68}},"34":{"start":{"line":98,"column":4},"end":{"line":100,"column":5}},"35":{"start":{"line":99,"column":6},"end":{"line":99,"column":67}},"36":{"start":{"line":102,"column":19},"end":{"line":102,"column":71}},"37":{"start":{"line":103,"column":4},"end":{"line":103,"column":59}},"38":{"start":{"line":105,"column":4},"end":{"line":105,"column":45}},"39":{"start":{"line":109,"column":17},"end":{"line":109,"column":38}},"40":{"start":{"line":110,"column":4},"end":{"line":113,"column":7}},"41":{"start":{"line":117,"column":4},"end":{"line":141,"column":5}},"42":{"start":{"line":118,"column":23},"end":{"line":133,"column":8}},"43":{"start":{"line":135,"column":6},"end":{"line":135,"column":53}},"44":{"start":{"line":137,"column":6},"end":{"line":139,"column":8}},"45":{"start":{"line":140,"column":6},"end":{"line":140,"column":71}},"46":{"start":{"line":145,"column":25},"end":{"line":145,"column":77}},"47":{"start":{"line":147,"column":4},"end":{"line":152,"column":7}},"48":{"start":{"line":154,"column":4},"end":{"line":154,"column":49}},"49":{"start":{"line":16,"column":13},"end":{"line":16,"column":24}},"50":{"start":{"line":16,"column":13},"end":{"line":156,"column":null}}},"fnMap":{"0":{"name":"(anonymous_11)","decl":{"start":{"line":19,"column":2},"end":{"line":19,"column":null}},"loc":{"start":{"line":22,"column":33},"end":{"line":23,"column":6}}},"1":{"name":"(anonymous_12)","decl":{"start":{"line":25,"column":2},"end":{"line":25,"column":7}},"loc":{"start":{"line":25,"column":51},"end":{"line":48,"column":3}}},"2":{"name":"(anonymous_13)","decl":{"start":{"line":50,"column":2},"end":{"line":50,"column":7}},"loc":{"start":{"line":50,"column":48},"end":{"line":68,"column":3}}},"3":{"name":"(anonymous_14)","decl":{"start":{"line":70,"column":2},"end":{"line":70,"column":7}},"loc":{"start":{"line":70,"column":44},"end":{"line":86,"column":3}}},"4":{"name":"(anonymous_15)","decl":{"start":{"line":88,"column":2},"end":{"line":88,"column":7}},"loc":{"start":{"line":88,"column":63},"end":{"line":106,"column":3}}},"5":{"name":"(anonymous_16)","decl":{"start":{"line":108,"column":2},"end":{"line":108,"column":7}},"loc":{"start":{"line":108,"column":47},"end":{"line":114,"column":3}}},"6":{"name":"(anonymous_17)","decl":{"start":{"line":116,"column":2},"end":{"line":116,"column":7}},"loc":{"start":{"line":116,"column":61},"end":{"line":142,"column":3}}},"7":{"name":"(anonymous_18)","decl":{"start":{"line":144,"column":10},"end":{"line":144,"column":25}},"loc":{"start":{"line":144,"column":96},"end":{"line":155,"column":3}}}},"branchMap":{"0":{"loc":{"start":{"line":30,"column":4},"end":{"line":32,"column":5}},"type":"if","locations":[{"start":{"line":30,"column":4},"end":{"line":32,"column":5}}]},"1":{"loc":{"start":{"line":55,"column":4},"end":{"line":57,"column":5}},"type":"if","locations":[{"start":{"line":55,"column":4},"end":{"line":57,"column":5}}]},"2":{"loc":{"start":{"line":60,"column":4},"end":{"line":62,"column":5}},"type":"if","locations":[{"start":{"line":60,"column":4},"end":{"line":62,"column":5}}]},"3":{"loc":{"start":{"line":93,"column":4},"end":{"line":95,"column":5}},"type":"if","locations":[{"start":{"line":93,"column":4},"end":{"line":95,"column":5}}]},"4":{"loc":{"start":{"line":98,"column":4},"end":{"line":100,"column":5}},"type":"if","locations":[{"start":{"line":98,"column":4},"end":{"line":100,"column":5}}]},"5":{"loc":{"start":{"line":138,"column":36},"end":{"line":138,"column":92}},"type":"cond-expr","locations":[{"start":{"line":138,"column":61},"end":{"line":138,"column":74}},{"start":{"line":138,"column":77},"end":{"line":138,"column":92}}]}},"s":{"0":2,"1":2,"2":2,"3":2,"4":2,"5":2,"6":11,"7":11,"8":11,"9":11,"10":3,"11":3,"12":1,"13":2,"14":2,"15":1,"16":1,"17":1,"18":2,"19":2,"20":1,"21":1,"22":1,"23":1,"24":0,"25":0,"26":0,"27":1,"28":1,"29":1,"30":2,"31":2,"32":1,"33":1,"34":1,"35":1,"36":0,"37":0,"38":0,"39":1,"40":1,"41":3,"42":3,"43":1,"44":2,"45":2,"46":2,"47":2,"48":2,"49":2,"50":2},"f":{"0":11,"1":3,"2":2,"3":1,"4":2,"5":1,"6":3,"7":2},"b":{"0":[1],"1":[1],"2":[1],"3":[1],"4":[1],"5":[1,1]}}
,"/Users/nikolas/team-productivity-platform/bff-nestjs/src/auth/dto/auth.dto.ts": {"path":"/Users/nikolas/team-productivity-platform/bff-nestjs/src/auth/dto/auth.dto.ts","statementMap":{"0":{"start":{"line":1,"column":0},"end":{"line":1,"column":86}},"1":{"start":{"line":2,"column":0},"end":{"line":2,"column":46}},"2":{"start":{"line":4,"column":0},"end":{"line":4,"column":13}},"3":{"start":{"line":11,"column":2},"end":{"line":11,"column":null}},"4":{"start":{"line":22,"column":2},"end":{"line":22,"column":null}},"5":{"start":{"line":31,"column":2},"end":{"line":31,"column":null}},"6":{"start":{"line":34,"column":0},"end":{"line":34,"column":13}},"7":{"start":{"line":41,"column":2},"end":{"line":41,"column":null}},"8":{"start":{"line":49,"column":2},"end":{"line":49,"column":null}}},"fnMap":{},"branchMap":{},"s":{"0":1,"1":1,"2":1,"3":1,"4":1,"5":1,"6":1,"7":1,"8":1},"f":{},"b":{}}
,"/Users/nikolas/team-productivity-platform/bff-nestjs/src/auth/entities/user.entity.ts": {"path":"/Users/nikolas/team-productivity-platform/bff-nestjs/src/auth/entities/user.entity.ts","statementMap":{"0":{"start":{"line":3,"column":0},"end":{"line":3,"column":13}}},"fnMap":{},"branchMap":{},"s":{"0":0},"f":{},"b":{}}
,"/Users/nikolas/team-productivity-platform/bff-nestjs/src/auth/guards/at.guard.ts": {"path":"/Users/nikolas/team-productivity-platform/bff-nestjs/src/auth/guards/at.guard.ts","statementMap":{"0":{"start":{"line":2,"column":0},"end":{"line":2,"column":62}},"1":{"start":{"line":3,"column":0},"end":{"line":3,"column":41}},"2":{"start":{"line":4,"column":0},"end":{"line":4,"column":45}},"3":{"start":{"line":5,"column":0},"end":{"line":5,"column":73}},"4":{"start":{"line":8,"column":7},"end":{"line":28,"column":null}},"5":{"start":{"line":10,"column":4},"end":{"line":10,"column":12}},"6":{"start":{"line":9,"column":22},"end":{"line":9,"column":33}},"7":{"start":{"line":14,"column":21},"end":{"line":17,"column":6}},"8":{"start":{"line":20,"column":4},"end":{"line":20,"column":93}},"9":{"start":{"line":22,"column":4},"end":{"line":24,"column":5}},"10":{"start":{"line":23,"column":6},"end":{"line":23,"column":18}},"11":{"start":{"line":26,"column":4},"end":{"line":26,"column":38}},"12":{"start":{"line":8,"column":13},"end":{"line":8,"column":20}},"13":{"start":{"line":8,"column":13},"end":{"line":28,"column":null}}},"fnMap":{"0":{"name":"(anonymous_2)","decl":{"start":{"line":9,"column":2},"end":{"line":9,"column":22}},"loc":{"start":{"line":9,"column":42},"end":{"line":11,"column":3}}},"1":{"name":"(anonymous_3)","decl":{"start":{"line":13,"column":2},"end":{"line":13,"column":13}},"loc":{"start":{"line":13,"column":39},"end":{"line":27,"column":3}}}},"branchMap":{"0":{"loc":{"start":{"line":22,"column":4},"end":{"line":24,"column":5}},"type":"if","locations":[{"start":{"line":22,"column":4},"end":{"line":24,"column":5}}]}},"s":{"0":3,"1":3,"2":3,"3":3,"4":3,"5":8,"6":8,"7":2,"8":2,"9":2,"10":1,"11":1,"12":3,"13":3},"f":{"0":8,"1":2},"b":{"0":[1]}}
,"/Users/nikolas/team-productivity-platform/bff-nestjs/src/auth/guards/rt.guard.ts": {"path":"/Users/nikolas/team-productivity-platform/bff-nestjs/src/auth/guards/rt.guard.ts","statementMap":{"0":{"start":{"line":1,"column":0},"end":{"line":1,"column":44}},"1":{"start":{"line":2,"column":0},"end":{"line":2,"column":45}},"2":{"start":{"line":5,"column":7},"end":{"line":9,"column":null}},"3":{"start":{"line":7,"column":4},"end":{"line":7,"column":12}},"4":{"start":{"line":5,"column":13},"end":{"line":5,"column":20}},"5":{"start":{"line":5,"column":13},"end":{"line":9,"column":null}}},"fnMap":{"0":{"name":"(anonymous_2)","decl":{"start":{"line":6,"column":2},"end":{"line":6,"column":null}},"loc":{"start":{"line":6,"column":2},"end":{"line":8,"column":3}}}},"branchMap":{},"s":{"0":1,"1":1,"2":1,"3":5,"4":1,"5":1},"f":{"0":5},"b":{}}
,"/Users/nikolas/team-productivity-platform/bff-nestjs/src/common/filters/http-exception.filter.ts": {"path":"/Users/nikolas/team-productivity-platform/bff-nestjs/src/common/filters/http-exception.filter.ts","statementMap":{"0":{"start":{"line":1,"column":0},"end":{"line":1,"column":null}},"1":{"start":{"line":9,"column":0},"end":{"line":9,"column":47}},"2":{"start":{"line":13,"column":32},"end":{"line":55,"column":null}},"3":{"start":{"line":14,"column":28},"end":{"line":14,"column":64}},"4":{"start":{"line":16,"column":31},"end":{"line":16,"column":46}},"5":{"start":{"line":19,"column":16},"end":{"line":19,"column":35}},"6":{"start":{"line":20,"column":21},"end":{"line":20,"column":48}},"7":{"start":{"line":21,"column":20},"end":{"line":21,"column":45}},"8":{"start":{"line":22,"column":20},"end":{"line":22,"column":62}},"9":{"start":{"line":25,"column":6},"end":{"line":25,"column":99}},"10":{"start":{"line":28,"column":18},"end":{"line":28,"column":41}},"11":{"start":{"line":29,"column":4},"end":{"line":35,"column":5}},"12":{"start":{"line":30,"column":18},"end":{"line":30,"column":41}},"13":{"start":{"line":31,"column":6},"end":{"line":31,"column":69}},"14":{"start":{"line":32,"column":11},"end":{"line":35,"column":5}},"15":{"start":{"line":34,"column":6},"end":{"line":34,"column":83}},"16":{"start":{"line":37,"column":26},"end":{"line":43,"column":6}},"17":{"start":{"line":46,"column":4},"end":{"line":51,"column":6}},"18":{"start":{"line":53,"column":4},"end":{"line":53,"column":48}},"19":{"start":{"line":13,"column":13},"end":{"line":13,"column":32}},"20":{"start":{"line":13,"column":13},"end":{"line":55,"column":null}}},"fnMap":{"0":{"name":"(anonymous_2)","decl":{"start":{"line":16,"column":2},"end":{"line":16,"column":31}},"loc":{"start":{"line":16,"column":59},"end":{"line":16,"column":63}}},"1":{"name":"(anonymous_3)","decl":{"start":{"line":18,"column":2},"end":{"line":18,"column":7}},"loc":{"start":{"line":18,"column":47},"end":{"line":54,"column":3}}}},"branchMap":{"0":{"loc":{"start":{"line":25,"column":6},"end":{"line":25,"column":99}},"type":"cond-expr","locations":[{"start":{"line":25,"column":43},"end":{"line":25,"column":64}},{"start":{"line":25,"column":67},"end":{"line":25,"column":99}}]},"1":{"loc":{"start":{"line":29,"column":4},"end":{"line":35,"column":5}},"type":"if","locations":[{"start":{"line":29,"column":4},"end":{"line":35,"column":5}},{"start":{"line":32,"column":11},"end":{"line":35,"column":5}}]},"2":{"loc":{"start":{"line":31,"column":16},"end":{"line":31,"column":68}},"type":"cond-expr","locations":[{"start":{"line":31,"column":43},"end":{"line":31,"column":62}},{"start":{"line":31,"column":65},"end":{"line":31,"column":68}}]},"3":{"loc":{"start":{"line":32,"column":11},"end":{"line":35,"column":5}},"type":"if","locations":[{"start":{"line":32,"column":11},"end":{"line":35,"column":5}}]},"4":{"loc":{"start":{"line":34,"column":16},"end":{"line":34,"column":82}},"type":"cond-expr","locations":[{"start":{"line":34,"column":45},"end":{"line":34,"column":62}},{"start":{"line":34,"column":65},"end":{"line":34,"column":82}}]},"5":{"loc":{"start":{"line":48,"column":8},"end":{"line":48,"column":null}},"type":"cond-expr","locations":[{"start":{"line":48,"column":37},"end":{"line":48,"column":54}},{"start":{"line":48,"column":57},"end":{"line":48,"column":null}}]},"6":{"loc":{"start":{"line":50,"column":6},"end":{"line":50,"column":62}},"type":"cond-expr","locations":[{"start":{"line":50,"column":35},"end":{"line":50,"column":50}},{"start":{"line":50,"column":53},"end":{"line":50,"column":62}}]}},"s":{"0":1,"1":1,"2":1,"3":5,"4":5,"5":4,"6":4,"7":4,"8":4,"9":4,"10":4,"11":4,"12":1,"13":1,"14":3,"15":2,"16":4,"17":4,"18":4,"19":1,"20":1},"f":{"0":5,"1":4},"b":{"0":[1,3],"1":[1,3],"2":[0,1],"3":[2],"4":[2,0],"5":[4,0],"6":[4,0]}}
,"/Users/nikolas/team-productivity-platform/bff-nestjs/src/common/guards/roles.guard.ts": {"path":"/Users/nikolas/team-productivity-platform/bff-nestjs/src/common/guards/roles.guard.ts","statementMap":{"0":{"start":{"line":1,"column":0},"end":{"line":1,"column":95}},"1":{"start":{"line":2,"column":0},"end":{"line":2,"column":41}},"2":{"start":{"line":3,"column":0},"end":{"line":3,"column":48}},"3":{"start":{"line":4,"column":0},"end":{"line":4,"column":58}},"4":{"start":{"line":5,"column":0},"end":{"line":5,"column":63}},"5":{"start":{"line":6,"column":0},"end":{"line":6,"column":60}},"6":{"start":{"line":9,"column":7},"end":{"line":64,"column":null}},"7":{"start":{"line":11,"column":12},"end":{"line":11,"column":23}},"8":{"start":{"line":12,"column":12},"end":{"line":12,"column":20}},"9":{"start":{"line":17,"column":21},"end":{"line":20,"column":6}},"10":{"start":{"line":21,"column":4},"end":{"line":23,"column":5}},"11":{"start":{"line":22,"column":6},"end":{"line":22,"column":18}},"12":{"start":{"line":26,"column":26},"end":{"line":29,"column":6}},"13":{"start":{"line":31,"column":20},"end":{"line":31,"column":55}},"14":{"start":{"line":32,"column":17},"end":{"line":32,"column":29}},"15":{"start":{"line":33,"column":19},"end":{"line":33,"column":50}},"16":{"start":{"line":36,"column":4},"end":{"line":38,"column":5}},"17":{"start":{"line":37,"column":6},"end":{"line":37,"column":18}},"18":{"start":{"line":41,"column":4},"end":{"line":43,"column":5}},"19":{"start":{"line":41,"column":55},"end":{"line":41,"column":73}},"20":{"start":{"line":42,"column":6},"end":{"line":42,"column":67}},"21":{"start":{"line":47,"column":4},"end":{"line":60,"column":5}},"22":{"start":{"line":48,"column":25},"end":{"line":52,"column":8}},"23":{"start":{"line":54,"column":6},"end":{"line":56,"column":7}},"24":{"start":{"line":55,"column":8},"end":{"line":55,"column":74}},"25":{"start":{"line":59,"column":6},"end":{"line":59,"column":46}},"26":{"start":{"line":62,"column":4},"end":{"line":62,"column":16}},"27":{"start":{"line":9,"column":13},"end":{"line":9,"column":23}},"28":{"start":{"line":9,"column":13},"end":{"line":64,"column":null}}},"fnMap":{"0":{"name":"(anonymous_2)","decl":{"start":{"line":10,"column":2},"end":{"line":10,"column":null}},"loc":{"start":{"line":12,"column":33},"end":{"line":13,"column":6}}},"1":{"name":"(anonymous_3)","decl":{"start":{"line":15,"column":2},"end":{"line":15,"column":7}},"loc":{"start":{"line":15,"column":45},"end":{"line":63,"column":3}}},"2":{"name":"(anonymous_4)","decl":{"start":{"line":41,"column":45},"end":{"line":41,"column":46}},"loc":{"start":{"line":41,"column":55},"end":{"line":41,"column":73}}}},"branchMap":{"0":{"loc":{"start":{"line":21,"column":4},"end":{"line":23,"column":5}},"type":"if","locations":[{"start":{"line":21,"column":4},"end":{"line":23,"column":5}}]},"1":{"loc":{"start":{"line":36,"column":4},"end":{"line":38,"column":5}},"type":"if","locations":[{"start":{"line":36,"column":4},"end":{"line":38,"column":5}}]},"2":{"loc":{"start":{"line":41,"column":4},"end":{"line":43,"column":5}},"type":"if","locations":[{"start":{"line":41,"column":4},"end":{"line":43,"column":5}}]},"3":{"loc":{"start":{"line":41,"column":8},"end":{"line":41,"column":74}},"type":"binary-expr","locations":[{"start":{"line":41,"column":8},"end":{"line":41,"column":21}},{"start":{"line":41,"column":25},"end":{"line":41,"column":74}}]},"4":{"loc":{"start":{"line":47,"column":4},"end":{"line":60,"column":5}},"type":"if","locations":[{"start":{"line":47,"column":4},"end":{"line":60,"column":5}}]},"5":{"loc":{"start":{"line":54,"column":6},"end":{"line":56,"column":7}},"type":"if","locations":[{"start":{"line":54,"column":6},"end":{"line":56,"column":7}}]}},"s":{"0":3,"1":3,"2":3,"3":3,"4":3,"5":3,"6":3,"7":8,"8":8,"9":5,"10":5,"11":1,"12":4,"13":4,"14":4,"15":4,"16":4,"17":1,"18":3,"19":1,"20":1,"21":2,"22":2,"23":2,"24":1,"25":1,"26":1,"27":3,"28":3},"f":{"0":8,"1":5,"2":1},"b":{"0":[1],"1":[1],"2":[1],"3":[3,1],"4":[2],"5":[1]}}
,"/Users/nikolas/team-productivity-platform/bff-nestjs/src/common/guards/team-member.guard.ts": {"path":"/Users/nikolas/team-productivity-platform/bff-nestjs/src/common/guards/team-member.guard.ts","statementMap":{"0":{"start":{"line":2,"column":0},"end":{"line":2,"column":95}},"1":{"start":{"line":3,"column":0},"end":{"line":3,"column":60}},"2":{"start":{"line":6,"column":7},"end":{"line":31,"column":null}},"3":{"start":{"line":7,"column":22},"end":{"line":7,"column":30}},"4":{"start":{"line":10,"column":20},"end":{"line":10,"column":55}},"5":{"start":{"line":11,"column":19},"end":{"line":11,"column":35}},"6":{"start":{"line":12,"column":19},"end":{"line":12,"column":73}},"7":{"start":{"line":14,"column":4},"end":{"line":16,"column":5}},"8":{"start":{"line":15,"column":6},"end":{"line":15,"column":18}},"9":{"start":{"line":18,"column":23},"end":{"line":23,"column":6}},"10":{"start":{"line":25,"column":4},"end":{"line":27,"column":5}},"11":{"start":{"line":26,"column":6},"end":{"line":26,"column":84}},"12":{"start":{"line":29,"column":4},"end":{"line":29,"column":16}},"13":{"start":{"line":6,"column":13},"end":{"line":6,"column":28}},"14":{"start":{"line":6,"column":13},"end":{"line":31,"column":null}}},"fnMap":{"0":{"name":"(anonymous_2)","decl":{"start":{"line":7,"column":2},"end":{"line":7,"column":22}},"loc":{"start":{"line":7,"column":43},"end":{"line":7,"column":47}}},"1":{"name":"(anonymous_3)","decl":{"start":{"line":9,"column":2},"end":{"line":9,"column":7}},"loc":{"start":{"line":9,"column":45},"end":{"line":30,"column":3}}}},"branchMap":{"0":{"loc":{"start":{"line":12,"column":28},"end":{"line":12,"column":72}},"type":"binary-expr","locations":[{"start":{"line":12,"column":28},"end":{"line":12,"column":49}},{"start":{"line":12,"column":53},"end":{"line":12,"column":72}}]},"1":{"loc":{"start":{"line":14,"column":4},"end":{"line":16,"column":5}},"type":"if","locations":[{"start":{"line":14,"column":4},"end":{"line":16,"column":5}}]},"2":{"loc":{"start":{"line":25,"column":4},"end":{"line":27,"column":5}},"type":"if","locations":[{"start":{"line":25,"column":4},"end":{"line":27,"column":5}}]}},"s":{"0":1,"1":1,"2":1,"3":3,"4":3,"5":3,"6":3,"7":3,"8":1,"9":2,"10":2,"11":1,"12":1,"13":1,"14":1},"f":{"0":3,"1":3},"b":{"0":[3,2],"1":[1],"2":[1]}}
,"/Users/nikolas/team-productivity-platform/bff-nestjs/src/common/guards/team-owner.guard.ts": {"path":"/Users/nikolas/team-productivity-platform/bff-nestjs/src/common/guards/team-owner.guard.ts","statementMap":{"0":{"start":{"line":2,"column":0},"end":{"line":2,"column":null}},"1":{"start":{"line":9,"column":0},"end":{"line":9,"column":60}},"2":{"start":{"line":10,"column":0},"end":{"line":10,"column":48}},"3":{"start":{"line":13,"column":7},"end":{"line":50,"column":null}},"4":{"start":{"line":14,"column":22},"end":{"line":14,"column":30}},"5":{"start":{"line":17,"column":20},"end":{"line":17,"column":55}},"6":{"start":{"line":18,"column":17},"end":{"line":18,"column":29}},"7":{"start":{"line":21,"column":4},"end":{"line":23,"column":5}},"8":{"start":{"line":22,"column":6},"end":{"line":22,"column":18}},"9":{"start":{"line":25,"column":19},"end":{"line":25,"column":28}},"10":{"start":{"line":26,"column":22},"end":{"line":26,"column":64}},"11":{"start":{"line":27,"column":19},"end":{"line":27,"column":42}},"12":{"start":{"line":29,"column":4},"end":{"line":31,"column":5}},"13":{"start":{"line":30,"column":6},"end":{"line":30,"column":72}},"14":{"start":{"line":34,"column":23},"end":{"line":38,"column":6}},"15":{"start":{"line":40,"column":4},"end":{"line":42,"column":5}},"16":{"start":{"line":41,"column":6},"end":{"line":41,"column":63}},"17":{"start":{"line":44,"column":4},"end":{"line":46,"column":5}},"18":{"start":{"line":45,"column":6},"end":{"line":45,"column":82}},"19":{"start":{"line":48,"column":4},"end":{"line":48,"column":16}},"20":{"start":{"line":13,"column":13},"end":{"line":13,"column":27}},"21":{"start":{"line":13,"column":13},"end":{"line":50,"column":null}}},"fnMap":{"0":{"name":"(anonymous_2)","decl":{"start":{"line":14,"column":2},"end":{"line":14,"column":22}},"loc":{"start":{"line":14,"column":43},"end":{"line":14,"column":47}}},"1":{"name":"(anonymous_3)","decl":{"start":{"line":16,"column":2},"end":{"line":16,"column":7}},"loc":{"start":{"line":16,"column":45},"end":{"line":49,"column":3}}}},"branchMap":{"0":{"loc":{"start":{"line":21,"column":4},"end":{"line":23,"column":5}},"type":"if","locations":[{"start":{"line":21,"column":4},"end":{"line":23,"column":5}}]},"1":{"loc":{"start":{"line":26,"column":22},"end":{"line":26,"column":64}},"type":"binary-expr","locations":[{"start":{"line":26,"column":22},"end":{"line":26,"column":39}},{"start":{"line":26,"column":43},"end":{"line":26,"column":64}}]},"2":{"loc":{"start":{"line":29,"column":4},"end":{"line":31,"column":5}},"type":"if","locations":[{"start":{"line":29,"column":4},"end":{"line":31,"column":5}}]},"3":{"loc":{"start":{"line":29,"column":8},"end":{"line":29,"column":32}},"type":"binary-expr","locations":[{"start":{"line":29,"column":8},"end":{"line":29,"column":15}},{"start":{"line":29,"column":19},"end":{"line":29,"column":32}}]},"4":{"loc":{"start":{"line":40,"column":4},"end":{"line":42,"column":5}},"type":"if","locations":[{"start":{"line":40,"column":4},"end":{"line":42,"column":5}}]},"5":{"loc":{"start":{"line":44,"column":4},"end":{"line":46,"column":5}},"type":"if","locations":[{"start":{"line":44,"column":4},"end":{"line":46,"column":5}}]}},"s":{"0":1,"1":1,"2":1,"3":1,"4":4,"5":3,"6":3,"7":3,"8":0,"9":3,"10":3,"11":3,"12":3,"13":0,"14":3,"15":3,"16":1,"17":2,"18":1,"19":1,"20":1,"21":1},"f":{"0":4,"1":3},"b":{"0":[0],"1":[3,0],"2":[0],"3":[3,3],"4":[1],"5":[1]}}
,"/Users/nikolas/team-productivity-platform/bff-nestjs/src/common/infrastructure/queues/in-memory-queue.service.ts": {"path":"/Users/nikolas/team-productivity-platform/bff-nestjs/src/common/infrastructure/queues/in-memory-queue.service.ts","statementMap":{"0":{"start":{"line":1,"column":0},"end":{"line":1,"column":52}},"1":{"start":{"line":5,"column":7},"end":{"line":16,"column":null}},"2":{"start":{"line":6,"column":28},"end":{"line":6,"column":54}},"3":{"start":{"line":9,"column":4},"end":{"line":9,"column":61}},"4":{"start":{"line":10,"column":4},"end":{"line":10,"column":58}},"5":{"start":{"line":12,"column":4},"end":{"line":14,"column":7}},"6":{"start":{"line":13,"column":6},"end":{"line":13,"column":75}},"7":{"start":{"line":5,"column":13},"end":{"line":5,"column":33}},"8":{"start":{"line":5,"column":13},"end":{"line":16,"column":null}}},"fnMap":{"0":{"name":"(anonymous_1)","decl":{"start":{"line":8,"column":2},"end":{"line":8,"column":7}},"loc":{"start":{"line":8,"column":38},"end":{"line":15,"column":3}}},"1":{"name":"(anonymous_2)","decl":{"start":{"line":12,"column":17},"end":{"line":12,"column":20}},"loc":{"start":{"line":12,"column":22},"end":{"line":14,"column":5}}}},"branchMap":{},"s":{"0":0,"1":0,"2":0,"3":0,"4":0,"5":0,"6":0,"7":0,"8":0},"f":{"0":0,"1":0},"b":{}}
,"/Users/nikolas/team-productivity-platform/bff-nestjs/src/common/prisma/soft-delete.extension.ts": {"path":"/Users/nikolas/team-productivity-platform/bff-nestjs/src/common/prisma/soft-delete.extension.ts","statementMap":{"0":{"start":{"line":2,"column":0},"end":{"line":2,"column":40}},"1":{"start":{"line":4,"column":13},"end":{"line":22,"column":3}},"2":{"start":{"line":9,"column":8},"end":{"line":9,"column":56}},"3":{"start":{"line":10,"column":8},"end":{"line":10,"column":27}},"4":{"start":{"line":13,"column":8},"end":{"line":13,"column":56}},"5":{"start":{"line":14,"column":8},"end":{"line":14,"column":27}},"6":{"start":{"line":17,"column":8},"end":{"line":17,"column":56}},"7":{"start":{"line":18,"column":8},"end":{"line":18,"column":27}}},"fnMap":{"0":{"name":"(anonymous_0)","decl":{"start":{"line":8,"column":6},"end":{"line":8,"column":11}},"loc":{"start":{"line":8,"column":54},"end":{"line":11,"column":7}}},"1":{"name":"(anonymous_1)","decl":{"start":{"line":12,"column":6},"end":{"line":12,"column":11}},"loc":{"start":{"line":12,"column":55},"end":{"line":15,"column":7}}},"2":{"name":"(anonymous_2)","decl":{"start":{"line":16,"column":6},"end":{"line":16,"column":11}},"loc":{"start":{"line":16,"column":56},"end":{"line":19,"column":7}}}},"branchMap":{},"s":{"0":0,"1":0,"2":0,"3":0,"4":0,"5":0,"6":0,"7":0},"f":{"0":0,"1":0,"2":0},"b":{}}
,"/Users/nikolas/team-productivity-platform/bff-nestjs/src/config/env.validation.ts": {"path":"/Users/nikolas/team-productivity-platform/bff-nestjs/src/config/env.validation.ts","statementMap":{"0":{"start":{"line":1,"column":0},"end":{"line":1,"column":27}},"1":{"start":{"line":3,"column":13},"end":{"line":37,"column":3}}},"fnMap":{},"branchMap":{},"s":{"0":0,"1":0},"f":{},"b":{}}
,"/Users/nikolas/team-productivity-platform/bff-nestjs/src/modules/dashboard/dashboard.controller.ts": {"path":"/Users/nikolas/team-productivity-platform/bff-nestjs/src/modules/dashboard/dashboard.controller.ts","statementMap":{"0":{"start":{"line":1,"column":0},"end":{"line":1,"column":81}},"1":{"start":{"line":2,"column":0},"end":{"line":2,"column":55}},"2":{"start":{"line":3,"column":0},"end":{"line":3,"column":61}},"3":{"start":{"line":4,"column":0},"end":{"line":4,"column":57}},"4":{"start":{"line":10,"column":7},"end":{"line":17,"column":null}},"5":{"start":{"line":11,"column":31},"end":{"line":11,"column":49}},"6":{"start":{"line":15,"column":4},"end":{"line":15,"column":54}},"7":{"start":{"line":10,"column":13},"end":{"line":10,"column":32}},"8":{"start":{"line":14,"column":8},"end":{"line":16,"column":null}},"9":{"start":{"line":10,"column":13},"end":{"line":17,"column":null}}},"fnMap":{"0":{"name":"(anonymous_4)","decl":{"start":{"line":11,"column":2},"end":{"line":11,"column":31}},"loc":{"start":{"line":11,"column":65},"end":{"line":11,"column":69}}},"1":{"name":"(anonymous_5)","decl":{"start":{"line":14,"column":2},"end":{"line":14,"column":7}},"loc":{"start":{"line":14,"column":62},"end":{"line":16,"column":3}}}},"branchMap":{},"s":{"0":1,"1":1,"2":1,"3":1,"4":1,"5":1,"6":1,"7":1,"8":1,"9":1},"f":{"0":1,"1":1},"b":{}}
,"/Users/nikolas/team-productivity-platform/bff-nestjs/src/modules/dashboard/dashboard.service.ts": {"path":"/Users/nikolas/team-productivity-platform/bff-nestjs/src/modules/dashboard/dashboard.service.ts","statementMap":{"0":{"start":{"line":1,"column":0},"end":{"line":1,"column":63}},"1":{"start":{"line":2,"column":0},"end":{"line":2,"column":60}},"2":{"start":{"line":3,"column":0},"end":{"line":3,"column":44}},"3":{"start":{"line":6,"column":7},"end":{"line":56,"column":null}},"4":{"start":{"line":7,"column":22},"end":{"line":7,"column":30}},"5":{"start":{"line":10,"column":17},"end":{"line":24,"column":6}},"6":{"start":{"line":26,"column":4},"end":{"line":28,"column":5}},"7":{"start":{"line":27,"column":6},"end":{"line":27,"column":70}},"8":{"start":{"line":30,"column":16},"end":{"line":30,"column":26}},"9":{"start":{"line":31,"column":25},"end":{"line":48,"column":6}},"10":{"start":{"line":32,"column":25},"end":{"line":32,"column":45}},"11":{"start":{"line":33,"column":29},"end":{"line":33,"column":93}},"12":{"start":{"line":33,"column":57},"end":{"line":33,"column":85}},"13":{"start":{"line":35,"column":23},"end":{"line":35,"column":91}},"14":{"start":{"line":36,"column":27},"end":{"line":38,"column":14}},"15":{"start":{"line":37,"column":15},"end":{"line":37,"column":85}},"16":{"start":{"line":40,"column":6},"end":{"line":47,"column":8}},"17":{"start":{"line":50,"column":4},"end":{"line":54,"column":6}},"18":{"start":{"line":6,"column":13},"end":{"line":6,"column":29}},"19":{"start":{"line":6,"column":13},"end":{"line":56,"column":null}}},"fnMap":{"0":{"name":"(anonymous_2)","decl":{"start":{"line":7,"column":2},"end":{"line":7,"column":22}},"loc":{"start":{"line":7,"column":43},"end":{"line":7,"column":47}}},"1":{"name":"(anonymous_3)","decl":{"start":{"line":9,"column":2},"end":{"line":9,"column":7}},"loc":{"start":{"line":9,"column":35},"end":{"line":55,"column":3}}},"2":{"name":"(anonymous_4)","decl":{"start":{"line":31,"column":43},"end":{"line":31,"column":44}},"loc":{"start":{"line":31,"column":55},"end":{"line":48,"column":5}}},"3":{"name":"(anonymous_5)","decl":{"start":{"line":33,"column":50},"end":{"line":33,"column":51}},"loc":{"start":{"line":33,"column":57},"end":{"line":33,"column":85}}},"4":{"name":"(anonymous_6)","decl":{"start":{"line":37,"column":8},"end":{"line":37,"column":9}},"loc":{"start":{"line":37,"column":15},"end":{"line":37,"column":85}}}},"branchMap":{"0":{"loc":{"start":{"line":26,"column":4},"end":{"line":28,"column":5}},"type":"if","locations":[{"start":{"line":26,"column":4},"end":{"line":28,"column":5}}]},"1":{"loc":{"start":{"line":35,"column":23},"end":{"line":35,"column":91}},"type":"cond-expr","locations":[{"start":{"line":35,"column":40},"end":{"line":35,"column":87}},{"start":{"line":35,"column":90},"end":{"line":35,"column":91}}]},"2":{"loc":{"start":{"line":37,"column":15},"end":{"line":37,"column":85}},"type":"binary-expr","locations":[{"start":{"line":37,"column":15},"end":{"line":37,"column":43}},{"start":{"line":37,"column":47},"end":{"line":37,"column":56}},{"start":{"line":37,"column":60},"end":{"line":37,"column":85}}]}},"s":{"0":2,"1":2,"2":2,"3":2,"4":3,"5":3,"6":3,"7":1,"8":2,"9":2,"10":2,"11":2,"12":2,"13":2,"14":2,"15":2,"16":2,"17":2,"18":2,"19":2},"f":{"0":3,"1":3,"2":2,"3":2,"4":2},"b":{"0":[1],"1":[1,1],"2":[2,1,1]}}
,"/Users/nikolas/team-productivity-platform/bff-nestjs/src/modules/dashboard/dto/project-stats.dto.ts": {"path":"/Users/nikolas/team-productivity-platform/bff-nestjs/src/modules/dashboard/dto/project-stats.dto.ts","statementMap":{"0":{"start":{"line":1,"column":0},"end":{"line":1,"column":46}},"1":{"start":{"line":3,"column":0},"end":{"line":3,"column":13}},"2":{"start":{"line":5,"column":2},"end":{"line":5,"column":null}},"3":{"start":{"line":8,"column":2},"end":{"line":8,"column":null}},"4":{"start":{"line":11,"column":2},"end":{"line":11,"column":null}},"5":{"start":{"line":14,"column":2},"end":{"line":14,"column":null}},"6":{"start":{"line":17,"column":2},"end":{"line":17,"column":null}},"7":{"start":{"line":20,"column":2},"end":{"line":20,"column":null}},"8":{"start":{"line":23,"column":2},"end":{"line":23,"column":null}}},"fnMap":{},"branchMap":{},"s":{"0":0,"1":0,"2":0,"3":0,"4":0,"5":0,"6":0,"7":0,"8":0},"f":{},"b":{}}
,"/Users/nikolas/team-productivity-platform/bff-nestjs/src/modules/invitations/invitations.controller.ts": {"path":"/Users/nikolas/team-productivity-platform/bff-nestjs/src/modules/invitations/invitations.controller.ts","statementMap":{"0":{"start":{"line":1,"column":0},"end":{"line":1,"column":88}},"1":{"start":{"line":2,"column":0},"end":{"line":2,"column":59}},"2":{"start":{"line":3,"column":0},"end":{"line":3,"column":53}},"3":{"start":{"line":4,"column":0},"end":{"line":4,"column":59}},"4":{"start":{"line":5,"column":0},"end":{"line":5,"column":71}},"5":{"start":{"line":6,"column":0},"end":{"line":6,"column":78}},"6":{"start":{"line":12,"column":7},"end":{"line":31,"column":null}},"7":{"start":{"line":13,"column":31},"end":{"line":13,"column":51}},"8":{"start":{"line":23,"column":4},"end":{"line":23,"column":89}},"9":{"start":{"line":29,"column":4},"end":{"line":29,"column":71}},"10":{"start":{"line":12,"column":13},"end":{"line":12,"column":34}},"11":{"start":{"line":17,"column":8},"end":{"line":24,"column":null}},"12":{"start":{"line":28,"column":8},"end":{"line":30,"column":null}},"13":{"start":{"line":12,"column":13},"end":{"line":31,"column":null}}},"fnMap":{"0":{"name":"(anonymous_4)","decl":{"start":{"line":13,"column":2},"end":{"line":13,"column":31}},"loc":{"start":{"line":13,"column":69},"end":{"line":13,"column":73}}},"1":{"name":"(anonymous_5)","decl":{"start":{"line":17,"column":2},"end":{"line":17,"column":7}},"loc":{"start":{"line":20,"column":34},"end":{"line":24,"column":3}}},"2":{"name":"(anonymous_6)","decl":{"start":{"line":28,"column":2},"end":{"line":28,"column":7}},"loc":{"start":{"line":28,"column":83},"end":{"line":30,"column":3}}}},"branchMap":{},"s":{"0":1,"1":1,"2":1,"3":1,"4":1,"5":1,"6":1,"7":2,"8":1,"9":1,"10":1,"11":1,"12":1,"13":1},"f":{"0":2,"1":1,"2":1},"b":{}}
,"/Users/nikolas/team-productivity-platform/bff-nestjs/src/modules/invitations/invitations.processor.ts": {"path":"/Users/nikolas/team-productivity-platform/bff-nestjs/src/modules/invitations/invitations.processor.ts","statementMap":{"0":{"start":{"line":1,"column":0},"end":{"line":1,"column":55}},"1":{"start":{"line":3,"column":0},"end":{"line":3,"column":40}},"2":{"start":{"line":4,"column":0},"end":{"line":4,"column":51}},"3":{"start":{"line":7,"column":33},"end":{"line":26,"column":null}},"4":{"start":{"line":8,"column":28},"end":{"line":8,"column":65}},"5":{"start":{"line":11,"column":4},"end":{"line":11,"column":12}},"6":{"start":{"line":10,"column":31},"end":{"line":10,"column":44}},"7":{"start":{"line":15,"column":4},"end":{"line":15,"column":71}},"8":{"start":{"line":17,"column":4},"end":{"line":24,"column":5}},"9":{"start":{"line":19,"column":43},"end":{"line":19,"column":51}},"10":{"start":{"line":20,"column":8},"end":{"line":20,"column":82}},"11":{"start":{"line":23,"column":8},"end":{"line":23,"column":58}},"12":{"start":{"line":7,"column":13},"end":{"line":7,"column":33}},"13":{"start":{"line":7,"column":13},"end":{"line":26,"column":null}}},"fnMap":{"0":{"name":"(anonymous_2)","decl":{"start":{"line":10,"column":2},"end":{"line":10,"column":31}},"loc":{"start":{"line":10,"column":55},"end":{"line":12,"column":3}}},"1":{"name":"(anonymous_3)","decl":{"start":{"line":14,"column":2},"end":{"line":14,"column":7}},"loc":{"start":{"line":14,"column":42},"end":{"line":25,"column":3}}}},"branchMap":{"0":{"loc":{"start":{"line":17,"column":4},"end":{"line":24,"column":5}},"type":"switch","locations":[{"start":{"line":18,"column":6},"end":{"line":20,"column":82}},{"start":{"line":22,"column":6},"end":{"line":23,"column":58}}]}},"s":{"0":1,"1":1,"2":1,"3":1,"4":2,"5":2,"6":2,"7":2,"8":2,"9":1,"10":1,"11":1,"12":1,"13":1},"f":{"0":2,"1":2},"b":{"0":[1,1]}}
,"/Users/nikolas/team-productivity-platform/bff-nestjs/src/modules/invitations/invitations.service.ts": {"path":"/Users/nikolas/team-productivity-platform/bff-nestjs/src/modules/invitations/invitations.service.ts","statementMap":{"0":{"start":{"line":1,"column":0},"end":{"line":1,"column":null}},"1":{"start":{"line":7,"column":0},"end":{"line":7,"column":41}},"2":{"start":{"line":8,"column":0},"end":{"line":8,"column":60}},"3":{"start":{"line":9,"column":0},"end":{"line":9,"column":78}},"4":{"start":{"line":10,"column":0},"end":{"line":10,"column":51}},"5":{"start":{"line":11,"column":0},"end":{"line":11,"column":60}},"6":{"start":{"line":14,"column":7},"end":{"line":152,"column":null}},"7":{"start":{"line":16,"column":12},"end":{"line":16,"column":20}},"8":{"start":{"line":17,"column":12},"end":{"line":17,"column":24}},"9":{"start":{"line":18,"column":12},"end":{"line":18,"column":27}},"10":{"start":{"line":19,"column":12},"end":{"line":19,"column":25}},"11":{"start":{"line":29,"column":17},"end":{"line":32,"column":6}},"12":{"start":{"line":33,"column":4},"end":{"line":35,"column":5}},"13":{"start":{"line":34,"column":6},"end":{"line":34,"column":52}},"14":{"start":{"line":38,"column":26},"end":{"line":38,"column":74}},"15":{"start":{"line":38,"column":51},"end":{"line":38,"column":73}},"16":{"start":{"line":39,"column":4},"end":{"line":41,"column":5}},"17":{"start":{"line":40,"column":6},"end":{"line":40,"column":72}},"18":{"start":{"line":42,"column":4},"end":{"line":44,"column":5}},"19":{"start":{"line":43,"column":6},"end":{"line":43,"column":76}},"20":{"start":{"line":46,"column":23},"end":{"line":46,"column":48}},"21":{"start":{"line":49,"column":27},"end":{"line":51,"column":6}},"22":{"start":{"line":52,"column":4},"end":{"line":54,"column":5}},"23":{"start":{"line":53,"column":6},"end":{"line":53,"column":77}},"24":{"start":{"line":57,"column":24},"end":{"line":59,"column":6}},"25":{"start":{"line":60,"column":4},"end":{"line":62,"column":5}},"26":{"start":{"line":61,"column":6},"end":{"line":61,"column":66}},"27":{"start":{"line":65,"column":28},"end":{"line":67,"column":null}},"28":{"start":{"line":71,"column":23},"end":{"line":80,"column":6}},"29":{"start":{"line":83,"column":4},"end":{"line":83,"column":87}},"30":{"start":{"line":85,"column":4},"end":{"line":88,"column":6}},"31":{"start":{"line":92,"column":4},"end":{"line":150,"column":5}},"32":{"start":{"line":94,"column":22},"end":{"line":94,"column":62}},"33":{"start":{"line":95,"column":38},"end":{"line":95,"column":45}},"34":{"start":{"line":98,"column":25},"end":{"line":100,"column":8}},"35":{"start":{"line":102,"column":6},"end":{"line":108,"column":7}},"36":{"start":{"line":107,"column":8},"end":{"line":107,"column":89}},"37":{"start":{"line":111,"column":19},"end":{"line":111,"column":79}},"38":{"start":{"line":112,"column":6},"end":{"line":114,"column":7}},"39":{"start":{"line":113,"column":8},"end":{"line":113,"column":54}},"40":{"start":{"line":117,"column":6},"end":{"line":119,"column":7}},"41":{"start":{"line":118,"column":8},"end":{"line":118,"column":75}},"42":{"start":{"line":121,"column":23},"end":{"line":121,"column":48}},"43":{"start":{"line":124,"column":6},"end":{"line":136,"column":9}},"44":{"start":{"line":139,"column":6},"end":{"line":139,"column":68}},"45":{"start":{"line":141,"column":6},"end":{"line":141,"column":57}},"46":{"start":{"line":143,"column":6},"end":{"line":145,"column":7}},"47":{"start":{"line":144,"column":8},"end":{"line":144,"column":66}},"48":{"start":{"line":146,"column":6},"end":{"line":148,"column":7}},"49":{"start":{"line":147,"column":8},"end":{"line":147,"column":70}},"50":{"start":{"line":149,"column":6},"end":{"line":149,"column":18}},"51":{"start":{"line":14,"column":13},"end":{"line":14,"column":31}},"52":{"start":{"line":14,"column":13},"end":{"line":152,"column":null}}},"fnMap":{"0":{"name":"(anonymous_2)","decl":{"start":{"line":15,"column":2},"end":{"line":15,"column":null}},"loc":{"start":{"line":19,"column":36},"end":{"line":20,"column":6}}},"1":{"name":"(anonymous_3)","decl":{"start":{"line":22,"column":2},"end":{"line":22,"column":7}},"loc":{"start":{"line":26,"column":36},"end":{"line":89,"column":3}}},"2":{"name":"(anonymous_4)","decl":{"start":{"line":38,"column":44},"end":{"line":38,"column":45}},"loc":{"start":{"line":38,"column":51},"end":{"line":38,"column":73}}},"3":{"name":"(anonymous_5)","decl":{"start":{"line":91,"column":2},"end":{"line":91,"column":7}},"loc":{"start":{"line":91,"column":54},"end":{"line":151,"column":3}}}},"branchMap":{"0":{"loc":{"start":{"line":26,"column":4},"end":{"line":26,"column":36}},"type":"default-arg","locations":[{"start":{"line":26,"column":21},"end":{"line":26,"column":36}}]},"1":{"loc":{"start":{"line":33,"column":4},"end":{"line":35,"column":5}},"type":"if","locations":[{"start":{"line":33,"column":4},"end":{"line":35,"column":5}}]},"2":{"loc":{"start":{"line":39,"column":4},"end":{"line":41,"column":5}},"type":"if","locations":[{"start":{"line":39,"column":4},"end":{"line":41,"column":5}}]},"3":{"loc":{"start":{"line":42,"column":4},"end":{"line":44,"column":5}},"type":"if","locations":[{"start":{"line":42,"column":4},"end":{"line":44,"column":5}}]},"4":{"loc":{"start":{"line":52,"column":4},"end":{"line":54,"column":5}},"type":"if","locations":[{"start":{"line":52,"column":4},"end":{"line":54,"column":5}}]},"5":{"loc":{"start":{"line":60,"column":4},"end":{"line":62,"column":5}},"type":"if","locations":[{"start":{"line":60,"column":4},"end":{"line":62,"column":5}}]},"6":{"loc":{"start":{"line":102,"column":6},"end":{"line":108,"column":7}},"type":"if","locations":[{"start":{"line":102,"column":6},"end":{"line":108,"column":7}}]},"7":{"loc":{"start":{"line":103,"column":8},"end":{"line":105,"column":41}},"type":"binary-expr","locations":[{"start":{"line":103,"column":8},"end":{"line":103,"column":19}},{"start":{"line":104,"column":8},"end":{"line":104,"column":55}},{"start":{"line":105,"column":8},"end":{"line":105,"column":41}}]},"8":{"loc":{"start":{"line":112,"column":6},"end":{"line":114,"column":7}},"type":"if","locations":[{"start":{"line":112,"column":6},"end":{"line":114,"column":7}}]},"9":{"loc":{"start":{"line":117,"column":6},"end":{"line":119,"column":7}},"type":"if","locations":[{"start":{"line":117,"column":6},"end":{"line":119,"column":7}}]},"10":{"loc":{"start":{"line":121,"column":23},"end":{"line":121,"column":48}},"type":"binary-expr","locations":[{"start":{"line":121,"column":23},"end":{"line":121,"column":32}},{"start":{"line":121,"column":36},"end":{"line":121,"column":48}}]},"11":{"loc":{"start":{"line":129,"column":19},"end":{"line":129,"column":55}},"type":"binary-expr","locations":[{"start":{"line":129,"column":19},"end":{"line":129,"column":36}},{"start":{"line":129,"column":40},"end":{"line":129,"column":55}}]},"12":{"loc":{"start":{"line":143,"column":6},"end":{"line":145,"column":7}},"type":"if","locations":[{"start":{"line":143,"column":6},"end":{"line":145,"column":7}}]},"13":{"loc":{"start":{"line":146,"column":6},"end":{"line":148,"column":7}},"type":"if","locations":[{"start":{"line":146,"column":6},"end":{"line":148,"column":7}}]}},"s":{"0":2,"1":2,"2":2,"3":2,"4":2,"5":2,"6":2,"7":10,"8":10,"9":10,"10":10,"11":5,"12":5,"13":1,"14":4,"15":4,"16":4,"17":0,"18":4,"19":1,"20":3,"21":3,"22":3,"23":1,"24":2,"25":2,"26":1,"27":1,"28":1,"29":1,"30":1,"31":5,"32":5,"33":4,"34":4,"35":4,"36":1,"37":3,"38":3,"39":1,"40":2,"41":1,"42":1,"43":1,"44":1,"45":1,"46":4,"47":0,"48":4,"49":1,"50":3,"51":2,"52":2},"f":{"0":10,"1":5,"2":4,"3":5},"b":{"0":[5],"1":[1],"2":[0],"3":[1],"4":[1],"5":[1],"6":[1],"7":[4,4,3],"8":[1],"9":[1],"10":[1,0],"11":[1,0],"12":[0],"13":[1]}}
,"/Users/nikolas/team-productivity-platform/bff-nestjs/src/modules/invitations/dto/invitation.dto.ts": {"path":"/Users/nikolas/team-productivity-platform/bff-nestjs/src/modules/invitations/dto/invitation.dto.ts","statementMap":{"0":{"start":{"line":1,"column":0},"end":{"line":1,"column":72}},"1":{"start":{"line":2,"column":0},"end":{"line":2,"column":42}},"2":{"start":{"line":10,"column":19},"end":{"line":10,"column":34}},"3":{"start":{"line":4,"column":0},"end":{"line":4,"column":13}},"4":{"start":{"line":7,"column":2},"end":{"line":7,"column":18}},"5":{"start":{"line":10,"column":2},"end":{"line":10,"column":null}},"6":{"start":{"line":13,"column":0},"end":{"line":13,"column":13}},"7":{"start":{"line":16,"column":2},"end":{"line":16,"column":18}}},"fnMap":{},"branchMap":{},"s":{"0":1,"1":1,"2":0,"3":1,"4":1,"5":1,"6":1,"7":1},"f":{},"b":{}}
,"/Users/nikolas/team-productivity-platform/bff-nestjs/src/modules/mail/mail.service.ts": {"path":"/Users/nikolas/team-productivity-platform/bff-nestjs/src/modules/mail/mail.service.ts","statementMap":{"0":{"start":{"line":1,"column":0},"end":{"line":1,"column":60}},"1":{"start":{"line":5,"column":24},"end":{"line":33,"column":null}},"2":{"start":{"line":6,"column":28},"end":{"line":6,"column":56}},"3":{"start":{"line":8,"column":53},"end":{"line":8,"column":77}},"4":{"start":{"line":15,"column":4},"end":{"line":15,"column":62}},"5":{"start":{"line":16,"column":4},"end":{"line":16,"column":65}},"6":{"start":{"line":24,"column":4},"end":{"line":24,"column":85}},"7":{"start":{"line":27,"column":4},"end":{"line":31,"column":7}},"8":{"start":{"line":5,"column":13},"end":{"line":5,"column":24}},"9":{"start":{"line":5,"column":13},"end":{"line":33,"column":null}}},"fnMap":{"0":{"name":"(anonymous_4)","decl":{"start":{"line":8,"column":2},"end":{"line":8,"column":15}},"loc":{"start":{"line":8,"column":77},"end":{"line":8,"column":81}}},"1":{"name":"(anonymous_5)","decl":{"start":{"line":14,"column":2},"end":{"line":14,"column":7}},"loc":{"start":{"line":14,"column":52},"end":{"line":17,"column":3}}},"2":{"name":"(anonymous_6)","decl":{"start":{"line":23,"column":2},"end":{"line":23,"column":7}},"loc":{"start":{"line":23,"column":78},"end":{"line":32,"column":3}}}},"branchMap":{},"s":{"0":4,"1":4,"2":0,"3":0,"4":0,"5":0,"6":0,"7":0,"8":4,"9":4},"f":{"0":0,"1":0,"2":0},"b":{}}
,"/Users/nikolas/team-productivity-platform/bff-nestjs/src/modules/notifications/notifications.gateway.ts": {"path":"/Users/nikolas/team-productivity-platform/bff-nestjs/src/modules/notifications/notifications.gateway.ts","statementMap":{"0":{"start":{"line":1,"column":0},"end":{"line":1,"column":null}},"1":{"start":{"line":8,"column":0},"end":{"line":8,"column":43}},"2":{"start":{"line":9,"column":0},"end":{"line":9,"column":51}},"3":{"start":{"line":16,"column":33},"end":{"line":41,"column":null}},"4":{"start":{"line":18,"column":28},"end":{"line":18,"column":65}},"5":{"start":{"line":23,"column":17},"end":{"line":23,"column":33}},"6":{"start":{"line":24,"column":4},"end":{"line":24,"column":22}},"7":{"start":{"line":25,"column":4},"end":{"line":25,"column":64}},"8":{"start":{"line":29,"column":4},"end":{"line":32,"column":7}},"9":{"start":{"line":36,"column":4},"end":{"line":39,"column":7}},"10":{"start":{"line":16,"column":13},"end":{"line":16,"column":33}},"11":{"start":{"line":17,"column":21},"end":{"line":17,"column":null}},"12":{"start":{"line":22,"column":2},"end":{"line":26,"column":null}},"13":{"start":{"line":16,"column":13},"end":{"line":41,"column":null}}},"fnMap":{"0":{"name":"(anonymous_4)","decl":{"start":{"line":22,"column":2},"end":{"line":22,"column":16}},"loc":{"start":{"line":22,"column":89},"end":{"line":26,"column":3}}},"1":{"name":"(anonymous_5)","decl":{"start":{"line":28,"column":2},"end":{"line":28,"column":26}},"loc":{"start":{"line":28,"column":59},"end":{"line":33,"column":3}}},"2":{"name":"(anonymous_6)","decl":{"start":{"line":35,"column":2},"end":{"line":35,"column":18}},"loc":{"start":{"line":35,"column":68},"end":{"line":40,"column":3}}}},"branchMap":{},"s":{"0":5,"1":5,"2":5,"3":5,"4":4,"5":1,"6":1,"7":1,"8":1,"9":1,"10":5,"11":5,"12":5,"13":5},"f":{"0":1,"1":1,"2":1},"b":{}}
,"/Users/nikolas/team-productivity-platform/bff-nestjs/src/modules/projects/projects.controller.ts": {"path":"/Users/nikolas/team-productivity-platform/bff-nestjs/src/modules/projects/projects.controller.ts","statementMap":{"0":{"start":{"line":1,"column":0},"end":{"line":1,"column":null}},"1":{"start":{"line":11,"column":0},"end":{"line":11,"column":53}},"2":{"start":{"line":12,"column":0},"end":{"line":12,"column":60}},"3":{"start":{"line":13,"column":0},"end":{"line":13,"column":61}},"4":{"start":{"line":14,"column":0},"end":{"line":14,"column":79}},"5":{"start":{"line":15,"column":0},"end":{"line":15,"column":48}},"6":{"start":{"line":16,"column":0},"end":{"line":16,"column":84}},"7":{"start":{"line":22,"column":7},"end":{"line":48,"column":null}},"8":{"start":{"line":23,"column":22},"end":{"line":23,"column":39}},"9":{"start":{"line":28,"column":4},"end":{"line":28,"column":52}},"10":{"start":{"line":34,"column":4},"end":{"line":34,"column":54}},"11":{"start":{"line":46,"column":4},"end":{"line":46,"column":68}},"12":{"start":{"line":22,"column":13},"end":{"line":22,"column":31}},"13":{"start":{"line":27,"column":2},"end":{"line":29,"column":null}},"14":{"start":{"line":33,"column":2},"end":{"line":35,"column":null}},"15":{"start":{"line":39,"column":2},"end":{"line":47,"column":null}},"16":{"start":{"line":22,"column":13},"end":{"line":48,"column":null}}},"fnMap":{"0":{"name":"(anonymous_4)","decl":{"start":{"line":23,"column":2},"end":{"line":23,"column":22}},"loc":{"start":{"line":23,"column":54},"end":{"line":23,"column":58}}},"1":{"name":"(anonymous_5)","decl":{"start":{"line":27,"column":2},"end":{"line":27,"column":8}},"loc":{"start":{"line":27,"column":85},"end":{"line":29,"column":3}}},"2":{"name":"(anonymous_6)","decl":{"start":{"line":33,"column":2},"end":{"line":33,"column":9}},"loc":{"start":{"line":33,"column":55},"end":{"line":35,"column":3}}},"3":{"name":"(anonymous_7)","decl":{"start":{"line":39,"column":2},"end":{"line":39,"column":8}},"loc":{"start":{"line":43,"column":40},"end":{"line":47,"column":3}}}},"branchMap":{},"s":{"0":1,"1":1,"2":1,"3":1,"4":1,"5":1,"6":1,"7":1,"8":3,"9":1,"10":1,"11":1,"12":1,"13":1,"14":1,"15":1,"16":1},"f":{"0":3,"1":1,"2":1,"3":1},"b":{}}
,"/Users/nikolas/team-productivity-platform/bff-nestjs/src/modules/projects/projects.service.ts": {"path":"/Users/nikolas/team-productivity-platform/bff-nestjs/src/modules/projects/projects.service.ts","statementMap":{"0":{"start":{"line":1,"column":0},"end":{"line":1,"column":91}},"1":{"start":{"line":2,"column":0},"end":{"line":2,"column":60}},"2":{"start":{"line":4,"column":0},"end":{"line":4,"column":48}},"3":{"start":{"line":7,"column":28},"end":{"line":59,"column":null}},"4":{"start":{"line":8,"column":28},"end":{"line":8,"column":60}},"5":{"start":{"line":10,"column":22},"end":{"line":10,"column":30}},"6":{"start":{"line":15,"column":17},"end":{"line":17,"column":6}},"7":{"start":{"line":19,"column":4},"end":{"line":21,"column":5}},"8":{"start":{"line":20,"column":6},"end":{"line":20,"column":70}},"9":{"start":{"line":23,"column":4},"end":{"line":28,"column":7}},"10":{"start":{"line":33,"column":4},"end":{"line":38,"column":7}},"11":{"start":{"line":42,"column":20},"end":{"line":44,"column":6}},"12":{"start":{"line":46,"column":4},"end":{"line":48,"column":5}},"13":{"start":{"line":47,"column":6},"end":{"line":47,"column":68}},"14":{"start":{"line":51,"column":22},"end":{"line":51,"column":76}},"15":{"start":{"line":53,"column":4},"end":{"line":55,"column":5}},"16":{"start":{"line":54,"column":6},"end":{"line":54,"column":85}},"17":{"start":{"line":57,"column":4},"end":{"line":57,"column":71}},"18":{"start":{"line":7,"column":13},"end":{"line":7,"column":28}},"19":{"start":{"line":7,"column":13},"end":{"line":59,"column":null}}},"fnMap":{"0":{"name":"(anonymous_2)","decl":{"start":{"line":10,"column":2},"end":{"line":10,"column":22}},"loc":{"start":{"line":10,"column":43},"end":{"line":10,"column":47}}},"1":{"name":"(anonymous_3)","decl":{"start":{"line":12,"column":2},"end":{"line":12,"column":7}},"loc":{"start":{"line":12,"column":52},"end":{"line":29,"column":3}}},"2":{"name":"(anonymous_4)","decl":{"start":{"line":31,"column":2},"end":{"line":31,"column":7}},"loc":{"start":{"line":31,"column":36},"end":{"line":39,"column":3}}},"3":{"name":"(anonymous_5)","decl":{"start":{"line":41,"column":2},"end":{"line":41,"column":7}},"loc":{"start":{"line":41,"column":85},"end":{"line":58,"column":3}}}},"branchMap":{"0":{"loc":{"start":{"line":19,"column":4},"end":{"line":21,"column":5}},"type":"if","locations":[{"start":{"line":19,"column":4},"end":{"line":21,"column":5}}]},"1":{"loc":{"start":{"line":46,"column":4},"end":{"line":48,"column":5}},"type":"if","locations":[{"start":{"line":46,"column":4},"end":{"line":48,"column":5}}]},"2":{"loc":{"start":{"line":51,"column":22},"end":{"line":51,"column":76}},"type":"binary-expr","locations":[{"start":{"line":51,"column":22},"end":{"line":51,"column":45}},{"start":{"line":51,"column":49},"end":{"line":51,"column":76}}]},"3":{"loc":{"start":{"line":53,"column":4},"end":{"line":55,"column":5}},"type":"if","locations":[{"start":{"line":53,"column":4},"end":{"line":55,"column":5}}]}},"s":{"0":2,"1":2,"2":2,"3":2,"4":7,"5":7,"6":2,"7":2,"8":1,"9":1,"10":1,"11":4,"12":4,"13":1,"14":3,"15":3,"16":1,"17":2,"18":2,"19":2},"f":{"0":7,"1":2,"2":1,"3":4},"b":{"0":[1],"1":[1],"2":[3,2],"3":[1]}}
,"/Users/nikolas/team-productivity-platform/bff-nestjs/src/modules/projects/dto/create-project.dto.ts": {"path":"/Users/nikolas/team-productivity-platform/bff-nestjs/src/modules/projects/dto/create-project.dto.ts","statementMap":{"0":{"start":{"line":1,"column":0},"end":{"line":1,"column":89}},"1":{"start":{"line":2,"column":0},"end":{"line":2,"column":67}},"2":{"start":{"line":4,"column":0},"end":{"line":4,"column":13}},"3":{"start":{"line":10,"column":2},"end":{"line":10,"column":null}},"4":{"start":{"line":16,"column":2},"end":{"line":16,"column":null}}},"fnMap":{},"branchMap":{},"s":{"0":1,"1":1,"2":1,"3":1,"4":1},"f":{},"b":{}}
,"/Users/nikolas/team-productivity-platform/bff-nestjs/src/modules/tasks/attachments.service.ts": {"path":"/Users/nikolas/team-productivity-platform/bff-nestjs/src/modules/tasks/attachments.service.ts","statementMap":{"0":{"start":{"line":1,"column":0},"end":{"line":1,"column":null}},"1":{"start":{"line":7,"column":0},"end":{"line":7,"column":60}},"2":{"start":{"line":8,"column":0},"end":{"line":8,"column":63}},"3":{"start":{"line":11,"column":31},"end":{"line":82,"column":null}},"4":{"start":{"line":12,"column":28},"end":{"line":12,"column":63}},"5":{"start":{"line":15,"column":12},"end":{"line":15,"column":20}},"6":{"start":{"line":16,"column":12},"end":{"line":16,"column":28}},"7":{"start":{"line":23,"column":4},"end":{"line":23,"column":77}},"8":{"start":{"line":24,"column":4},"end":{"line":29,"column":7}},"9":{"start":{"line":34,"column":23},"end":{"line":39,"column":6}},"10":{"start":{"line":41,"column":4},"end":{"line":43,"column":5}},"11":{"start":{"line":42,"column":6},"end":{"line":42,"column":72}},"12":{"start":{"line":45,"column":4},"end":{"line":45,"column":22}},"13":{"start":{"line":49,"column":23},"end":{"line":49,"column":45}},"14":{"start":{"line":53,"column":4},"end":{"line":80,"column":5}},"15":{"start":{"line":54,"column":32},"end":{"line":57,"column":8}},"16":{"start":{"line":59,"column":6},"end":{"line":59,"column":69}},"17":{"start":{"line":63,"column":6},"end":{"line":73,"column":7}},"18":{"start":{"line":64,"column":8},"end":{"line":64,"column":61}},"19":{"start":{"line":65,"column":8},"end":{"line":65,"column":84}},"20":{"start":{"line":67,"column":29},"end":{"line":67,"column":99}},"21":{"start":{"line":68,"column":8},"end":{"line":70,"column":10}},"22":{"start":{"line":75,"column":6},"end":{"line":75,"column":31}},"23":{"start":{"line":77,"column":27},"end":{"line":77,"column":83}},"24":{"start":{"line":78,"column":6},"end":{"line":78,"column":76}},"25":{"start":{"line":79,"column":6},"end":{"line":79,"column":90}},"26":{"start":{"line":11,"column":13},"end":{"line":11,"column":31}},"27":{"start":{"line":11,"column":13},"end":{"line":82,"column":null}}},"fnMap":{"0":{"name":"(anonymous_2)","decl":{"start":{"line":14,"column":2},"end":{"line":14,"column":null}},"loc":{"start":{"line":16,"column":42},"end":{"line":17,"column":6}}},"1":{"name":"(anonymous_3)","decl":{"start":{"line":19,"column":2},"end":{"line":19,"column":7}},"loc":{"start":{"line":21,"column":79},"end":{"line":30,"column":3}}},"2":{"name":"(anonymous_4)","decl":{"start":{"line":32,"column":2},"end":{"line":32,"column":7}},"loc":{"start":{"line":32,"column":26},"end":{"line":46,"column":3}}},"3":{"name":"(anonymous_5)","decl":{"start":{"line":48,"column":2},"end":{"line":48,"column":7}},"loc":{"start":{"line":48,"column":25},"end":{"line":81,"column":3}}}},"branchMap":{"0":{"loc":{"start":{"line":41,"column":4},"end":{"line":43,"column":5}},"type":"if","locations":[{"start":{"line":41,"column":4},"end":{"line":43,"column":5}}]},"1":{"loc":{"start":{"line":67,"column":29},"end":{"line":67,"column":99}},"type":"cond-expr","locations":[{"start":{"line":67,"column":61},"end":{"line":67,"column":81}},{"start":{"line":67,"column":84},"end":{"line":67,"column":99}}]},"2":{"loc":{"start":{"line":77,"column":27},"end":{"line":77,"column":83}},"type":"cond-expr","locations":[{"start":{"line":77,"column":52},"end":{"line":77,"column":65}},{"start":{"line":77,"column":68},"end":{"line":77,"column":83}}]}},"s":{"0":3,"1":3,"2":3,"3":3,"4":10,"5":10,"6":10,"7":1,"8":1,"9":8,"10":8,"11":3,"12":5,"13":5,"14":4,"15":4,"16":3,"17":3,"18":3,"19":0,"20":3,"21":3,"22":3,"23":1,"24":1,"25":1,"26":3,"27":3},"f":{"0":10,"1":1,"2":8,"3":5},"b":{"0":[3],"1":[3,0],"2":[1,0]}}
,"/Users/nikolas/team-productivity-platform/bff-nestjs/src/modules/tasks/tasks.controller.ts": {"path":"/Users/nikolas/team-productivity-platform/bff-nestjs/src/modules/tasks/tasks.controller.ts","statementMap":{"0":{"start":{"line":1,"column":0},"end":{"line":1,"column":null}},"1":{"start":{"line":16,"column":0},"end":{"line":16,"column":59}},"2":{"start":{"line":17,"column":0},"end":{"line":17,"column":93}},"3":{"start":{"line":18,"column":0},"end":{"line":18,"column":47}},"4":{"start":{"line":19,"column":0},"end":{"line":19,"column":54}},"5":{"start":{"line":20,"column":0},"end":{"line":20,"column":63}},"6":{"start":{"line":21,"column":0},"end":{"line":21,"column":53}},"7":{"start":{"line":22,"column":0},"end":{"line":22,"column":59}},"8":{"start":{"line":28,"column":7},"end":{"line":88,"column":null}},"9":{"start":{"line":30,"column":21},"end":{"line":30,"column":35}},"10":{"start":{"line":31,"column":21},"end":{"line":31,"column":37}},"11":{"start":{"line":38,"column":4},"end":{"line":38,"column":49}},"12":{"start":{"line":47,"column":4},"end":{"line":47,"column":65}},"13":{"start":{"line":73,"column":20},"end":{"line":73,"column":62}},"14":{"start":{"line":74,"column":4},"end":{"line":79,"column":7}},"15":{"start":{"line":86,"column":4},"end":{"line":86,"column":60}},"16":{"start":{"line":28,"column":13},"end":{"line":28,"column":28}},"17":{"start":{"line":36,"column":8},"end":{"line":39,"column":null}},"18":{"start":{"line":43,"column":8},"end":{"line":48,"column":null}},"19":{"start":{"line":60,"column":8},"end":{"line":80,"column":null}},"20":{"start":{"line":84,"column":8},"end":{"line":87,"column":null}},"21":{"start":{"line":28,"column":13},"end":{"line":88,"column":null}}},"fnMap":{"0":{"name":"(anonymous_4)","decl":{"start":{"line":29,"column":2},"end":{"line":29,"column":null}},"loc":{"start":{"line":31,"column":51},"end":{"line":32,"column":6}}},"1":{"name":"(anonymous_5)","decl":{"start":{"line":36,"column":2},"end":{"line":36,"column":7}},"loc":{"start":{"line":36,"column":77},"end":{"line":39,"column":3}}},"2":{"name":"(anonymous_6)","decl":{"start":{"line":43,"column":2},"end":{"line":43,"column":7}},"loc":{"start":{"line":45,"column":38},"end":{"line":48,"column":3}}},"3":{"name":"(anonymous_7)","decl":{"start":{"line":60,"column":2},"end":{"line":60,"column":7}},"loc":{"start":{"line":70,"column":29},"end":{"line":80,"column":3}}},"4":{"name":"(anonymous_8)","decl":{"start":{"line":84,"column":2},"end":{"line":84,"column":7}},"loc":{"start":{"line":84,"column":82},"end":{"line":87,"column":3}}}},"branchMap":{},"s":{"0":1,"1":1,"2":1,"3":1,"4":1,"5":1,"6":1,"7":1,"8":1,"9":5,"10":5,"11":1,"12":1,"13":1,"14":1,"15":1,"16":1,"17":1,"18":1,"19":1,"20":1,"21":1},"f":{"0":5,"1":1,"2":1,"3":1,"4":1},"b":{}}
,"/Users/nikolas/team-productivity-platform/bff-nestjs/src/modules/tasks/tasks.service.ts": {"path":"/Users/nikolas/team-productivity-platform/bff-nestjs/src/modules/tasks/tasks.service.ts","statementMap":{"0":{"start":{"line":1,"column":0},"end":{"line":1,"column":null}},"1":{"start":{"line":8,"column":0},"end":{"line":8,"column":60}},"2":{"start":{"line":10,"column":0},"end":{"line":10,"column":78}},"3":{"start":{"line":11,"column":0},"end":{"line":11,"column":63}},"4":{"start":{"line":12,"column":0},"end":{"line":12,"column":59}},"5":{"start":{"line":15,"column":25},"end":{"line":169,"column":null}},"6":{"start":{"line":16,"column":28},"end":{"line":16,"column":57}},"7":{"start":{"line":19,"column":12},"end":{"line":19,"column":20}},"8":{"start":{"line":20,"column":12},"end":{"line":20,"column":27}},"9":{"start":{"line":21,"column":12},"end":{"line":21,"column":28}},"10":{"start":{"line":22,"column":12},"end":{"line":22,"column":32}},"11":{"start":{"line":27,"column":20},"end":{"line":39,"column":6}},"12":{"start":{"line":41,"column":4},"end":{"line":43,"column":5}},"13":{"start":{"line":42,"column":6},"end":{"line":42,"column":86}},"14":{"start":{"line":45,"column":17},"end":{"line":54,"column":6}},"15":{"start":{"line":57,"column":4},"end":{"line":61,"column":5}},"16":{"start":{"line":58,"column":6},"end":{"line":58,"column":82}},"17":{"start":{"line":60,"column":6},"end":{"line":60,"column":84}},"18":{"start":{"line":63,"column":4},"end":{"line":63,"column":16}},"19":{"start":{"line":76,"column":17},"end":{"line":78,"column":6}},"20":{"start":{"line":80,"column":4},"end":{"line":82,"column":5}},"21":{"start":{"line":81,"column":6},"end":{"line":81,"column":52}},"22":{"start":{"line":84,"column":4},"end":{"line":84,"column":60}},"23":{"start":{"line":90,"column":4},"end":{"line":90,"column":56}},"24":{"start":{"line":95,"column":20},"end":{"line":104,"column":6}},"25":{"start":{"line":106,"column":4},"end":{"line":108,"column":5}},"26":{"start":{"line":107,"column":6},"end":{"line":107,"column":60}},"27":{"start":{"line":110,"column":4},"end":{"line":132,"column":7}},"28":{"start":{"line":141,"column":4},"end":{"line":141,"column":62}},"29":{"start":{"line":151,"column":24},"end":{"line":153,"column":6}},"30":{"start":{"line":156,"column":4},"end":{"line":162,"column":5}},"31":{"start":{"line":157,"column":6},"end":{"line":161,"column":7}},"32":{"start":{"line":158,"column":8},"end":{"line":158,"column":61}},"33":{"start":{"line":160,"column":8},"end":{"line":160,"column":91}},"34":{"start":{"line":165,"column":4},"end":{"line":167,"column":7}},"35":{"start":{"line":15,"column":13},"end":{"line":15,"column":25}},"36":{"start":{"line":15,"column":13},"end":{"line":169,"column":null}}},"fnMap":{"0":{"name":"(anonymous_2)","decl":{"start":{"line":18,"column":2},"end":{"line":18,"column":null}},"loc":{"start":{"line":22,"column":50},"end":{"line":23,"column":6}}},"1":{"name":"(anonymous_3)","decl":{"start":{"line":25,"column":2},"end":{"line":25,"column":7}},"loc":{"start":{"line":25,"column":49},"end":{"line":64,"column":3}}},"2":{"name":"(anonymous_4)","decl":{"start":{"line":66,"column":2},"end":{"line":66,"column":7}},"loc":{"start":{"line":73,"column":5},"end":{"line":85,"column":3}}},"3":{"name":"(anonymous_5)","decl":{"start":{"line":87,"column":2},"end":{"line":87,"column":7}},"loc":{"start":{"line":87,"column":45},"end":{"line":91,"column":3}}},"4":{"name":"(anonymous_6)","decl":{"start":{"line":93,"column":2},"end":{"line":93,"column":7}},"loc":{"start":{"line":93,"column":58},"end":{"line":133,"column":3}}},"5":{"name":"(anonymous_7)","decl":{"start":{"line":140,"column":2},"end":{"line":140,"column":7}},"loc":{"start":{"line":140,"column":34},"end":{"line":142,"column":3}}},"6":{"name":"(anonymous_8)","decl":{"start":{"line":149,"column":2},"end":{"line":149,"column":7}},"loc":{"start":{"line":149,"column":44},"end":{"line":168,"column":3}}}},"branchMap":{"0":{"loc":{"start":{"line":41,"column":4},"end":{"line":43,"column":5}},"type":"if","locations":[{"start":{"line":41,"column":4},"end":{"line":43,"column":5}}]},"1":{"loc":{"start":{"line":52,"column":17},"end":{"line":52,"column":59}},"type":"cond-expr","locations":[{"start":{"line":52,"column":31},"end":{"line":52,"column":52}},{"start":{"line":52,"column":55},"end":{"line":52,"column":59}}]},"2":{"loc":{"start":{"line":80,"column":4},"end":{"line":82,"column":5}},"type":"if","locations":[{"start":{"line":80,"column":4},"end":{"line":82,"column":5}}]},"3":{"loc":{"start":{"line":106,"column":4},"end":{"line":108,"column":5}},"type":"if","locations":[{"start":{"line":106,"column":4},"end":{"line":108,"column":5}}]}},"s":{"0":2,"1":2,"2":2,"3":2,"4":2,"5":2,"6":8,"7":8,"8":8,"9":8,"10":8,"11":2,"12":2,"13":2,"14":0,"15":0,"16":0,"17":0,"18":0,"19":2,"20":2,"21":1,"22":1,"23":2,"24":2,"25":2,"26":1,"27":1,"28":0,"29":0,"30":0,"31":0,"32":0,"33":0,"34":0,"35":2,"36":2},"f":{"0":8,"1":2,"2":2,"3":2,"4":2,"5":0,"6":0},"b":{"0":[2],"1":[0,0],"2":[1],"3":[1]}}
,"/Users/nikolas/team-productivity-platform/bff-nestjs/src/modules/tasks/dto/create-task.dto.ts": {"path":"/Users/nikolas/team-productivity-platform/bff-nestjs/src/modules/tasks/dto/create-task.dto.ts","statementMap":{"0":{"start":{"line":1,"column":0},"end":{"line":1,"column":96}},"1":{"start":{"line":2,"column":0},"end":{"line":2,"column":67}},"2":{"start":{"line":3,"column":0},"end":{"line":3,"column":44}},"3":{"start":{"line":29,"column":24},"end":{"line":29,"column":39}},"4":{"start":{"line":5,"column":0},"end":{"line":5,"column":13}},"5":{"start":{"line":12,"column":2},"end":{"line":12,"column":null}},"6":{"start":{"line":20,"column":2},"end":{"line":20,"column":null}},"7":{"start":{"line":29,"column":2},"end":{"line":29,"column":null}},"8":{"start":{"line":37,"column":2},"end":{"line":37,"column":null}},"9":{"start":{"line":45,"column":2},"end":{"line":45,"column":null}},"10":{"start":{"line":53,"column":2},"end":{"line":53,"column":null}}},"fnMap":{},"branchMap":{},"s":{"0":1,"1":1,"2":1,"3":0,"4":1,"5":1,"6":1,"7":1,"8":1,"9":1,"10":1},"f":{},"b":{}}
,"/Users/nikolas/team-productivity-platform/bff-nestjs/src/modules/teams/teams.controller.ts": {"path":"/Users/nikolas/team-productivity-platform/bff-nestjs/src/modules/teams/teams.controller.ts","statementMap":{"0":{"start":{"line":2,"column":0},"end":{"line":2,"column":null}},"1":{"start":{"line":12,"column":0},"end":{"line":12,"column":71}},"2":{"start":{"line":13,"column":0},"end":{"line":13,"column":47}},"3":{"start":{"line":14,"column":0},"end":{"line":14,"column":54}},"4":{"start":{"line":17,"column":0},"end":{"line":17,"column":85}},"5":{"start":{"line":18,"column":0},"end":{"line":18,"column":57}},"6":{"start":{"line":19,"column":0},"end":{"line":19,"column":66}},"7":{"start":{"line":20,"column":0},"end":{"line":20,"column":60}},"8":{"start":{"line":21,"column":0},"end":{"line":21,"column":38}},"9":{"start":{"line":22,"column":0},"end":{"line":22,"column":49}},"10":{"start":{"line":28,"column":7},"end":{"line":50,"column":null}},"11":{"start":{"line":29,"column":31},"end":{"line":29,"column":45}},"12":{"start":{"line":35,"column":4},"end":{"line":35,"column":49}},"13":{"start":{"line":41,"column":4},"end":{"line":41,"column":45}},"14":{"start":{"line":48,"column":4},"end":{"line":48,"column":40}},"15":{"start":{"line":28,"column":13},"end":{"line":28,"column":28}},"16":{"start":{"line":34,"column":2},"end":{"line":36,"column":null}},"17":{"start":{"line":40,"column":2},"end":{"line":42,"column":null}},"18":{"start":{"line":47,"column":2},"end":{"line":49,"column":null}},"19":{"start":{"line":28,"column":13},"end":{"line":50,"column":null}}},"fnMap":{"0":{"name":"(anonymous_4)","decl":{"start":{"line":29,"column":2},"end":{"line":29,"column":31}},"loc":{"start":{"line":29,"column":57},"end":{"line":29,"column":61}}},"1":{"name":"(anonymous_5)","decl":{"start":{"line":34,"column":2},"end":{"line":34,"column":8}},"loc":{"start":{"line":34,"column":71},"end":{"line":36,"column":3}}},"2":{"name":"(anonymous_6)","decl":{"start":{"line":40,"column":2},"end":{"line":40,"column":9}},"loc":{"start":{"line":40,"column":44},"end":{"line":42,"column":3}}},"3":{"name":"(anonymous_7)","decl":{"start":{"line":47,"column":2},"end":{"line":47,"column":8}},"loc":{"start":{"line":47,"column":46},"end":{"line":49,"column":3}}}},"branchMap":{},"s":{"0":0,"1":0,"2":0,"3":0,"4":0,"5":0,"6":0,"7":0,"8":0,"9":0,"10":0,"11":0,"12":0,"13":0,"14":0,"15":0,"16":0,"17":0,"18":0,"19":0},"f":{"0":0,"1":0,"2":0,"3":0},"b":{}}
,"/Users/nikolas/team-productivity-platform/bff-nestjs/src/modules/teams/teams.service.ts": {"path":"/Users/nikolas/team-productivity-platform/bff-nestjs/src/modules/teams/teams.service.ts","statementMap":{"0":{"start":{"line":2,"column":0},"end":{"line":2,"column":71}},"1":{"start":{"line":3,"column":0},"end":{"line":3,"column":60}},"2":{"start":{"line":5,"column":0},"end":{"line":5,"column":42}},"3":{"start":{"line":8,"column":25},"end":{"line":75,"column":null}},"4":{"start":{"line":9,"column":28},"end":{"line":9,"column":57}},"5":{"start":{"line":11,"column":22},"end":{"line":11,"column":30}},"6":{"start":{"line":14,"column":4},"end":{"line":29,"column":7}},"7":{"start":{"line":15,"column":19},"end":{"line":17,"column":8}},"8":{"start":{"line":19,"column":6},"end":{"line":25,"column":9}},"9":{"start":{"line":27,"column":6},"end":{"line":27,"column":88}},"10":{"start":{"line":28,"column":6},"end":{"line":28,"column":18}},"11":{"start":{"line":33,"column":4},"end":{"line":40,"column":7}},"12":{"start":{"line":48,"column":4},"end":{"line":73,"column":7}},"13":{"start":{"line":49,"column":18},"end":{"line":49,"column":28}},"14":{"start":{"line":52,"column":6},"end":{"line":55,"column":9}},"15":{"start":{"line":58,"column":6},"end":{"line":61,"column":9}},"16":{"start":{"line":64,"column":19},"end":{"line":67,"column":8}},"17":{"start":{"line":69,"column":6},"end":{"line":71,"column":8}},"18":{"start":{"line":72,"column":6},"end":{"line":72,"column":18}},"19":{"start":{"line":8,"column":13},"end":{"line":8,"column":25}},"20":{"start":{"line":8,"column":13},"end":{"line":75,"column":null}}},"fnMap":{"0":{"name":"(anonymous_2)","decl":{"start":{"line":11,"column":2},"end":{"line":11,"column":22}},"loc":{"start":{"line":11,"column":43},"end":{"line":11,"column":47}}},"1":{"name":"(anonymous_3)","decl":{"start":{"line":13,"column":2},"end":{"line":13,"column":7}},"loc":{"start":{"line":13,"column":49},"end":{"line":30,"column":3}}},"2":{"name":"(anonymous_4)","decl":{"start":{"line":14,"column":45},"end":{"line":14,"column":50}},"loc":{"start":{"line":14,"column":58},"end":{"line":29,"column":5}}},"3":{"name":"(anonymous_5)","decl":{"start":{"line":32,"column":2},"end":{"line":32,"column":7}},"loc":{"start":{"line":32,"column":30},"end":{"line":41,"column":3}}},"4":{"name":"(anonymous_6)","decl":{"start":{"line":47,"column":2},"end":{"line":47,"column":7}},"loc":{"start":{"line":47,"column":29},"end":{"line":74,"column":3}}},"5":{"name":"(anonymous_7)","decl":{"start":{"line":48,"column":45},"end":{"line":48,"column":50}},"loc":{"start":{"line":48,"column":58},"end":{"line":73,"column":5}}}},"branchMap":{},"s":{"0":1,"1":1,"2":1,"3":1,"4":3,"5":3,"6":1,"7":1,"8":1,"9":1,"10":1,"11":1,"12":0,"13":0,"14":0,"15":0,"16":0,"17":0,"18":0,"19":1,"20":1},"f":{"0":3,"1":1,"2":1,"3":1,"4":0,"5":0},"b":{}}
,"/Users/nikolas/team-productivity-platform/bff-nestjs/src/modules/teams/dto/create-team.dto.ts": {"path":"/Users/nikolas/team-productivity-platform/bff-nestjs/src/modules/teams/dto/create-team.dto.ts","statementMap":{"0":{"start":{"line":1,"column":0},"end":{"line":1,"column":77}},"1":{"start":{"line":2,"column":0},"end":{"line":2,"column":46}},"2":{"start":{"line":4,"column":0},"end":{"line":4,"column":13}},"3":{"start":{"line":13,"column":2},"end":{"line":13,"column":null}}},"fnMap":{},"branchMap":{},"s":{"0":0,"1":0,"2":0,"3":0},"f":{},"b":{}}
,"/Users/nikolas/team-productivity-platform/bff-nestjs/src/modules/teams/dto/invite-member.dto.ts": {"path":"/Users/nikolas/team-productivity-platform/bff-nestjs/src/modules/teams/dto/invite-member.dto.ts","statementMap":{"0":{"start":{"line":1,"column":0},"end":{"line":1,"column":54}},"1":{"start":{"line":2,"column":0},"end":{"line":2,"column":46}},"2":{"start":{"line":3,"column":0},"end":{"line":3,"column":46}},"3":{"start":{"line":5,"column":0},"end":{"line":5,"column":13}},"4":{"start":{"line":13,"column":2},"end":{"line":13,"column":null}},"5":{"start":{"line":12,"column":28},"end":{"line":12,"column":55}}},"fnMap":{"0":{"name":"(anonymous_2)","decl":{"start":{"line":12,"column":13},"end":{"line":12,"column":14}},"loc":{"start":{"line":12,"column":28},"end":{"line":12,"column":55}}}},"branchMap":{},"s":{"0":0,"1":0,"2":0,"3":0,"4":0,"5":0},"f":{"0":0},"b":{}}
,"/Users/nikolas/team-productivity-platform/bff-nestjs/src/prisma/prisma.service.ts": {"path":"/Users/nikolas/team-productivity-platform/bff-nestjs/src/prisma/prisma.service.ts","statementMap":{"0":{"start":{"line":1,"column":0},"end":{"line":1,"column":83}},"1":{"start":{"line":3,"column":0},"end":{"line":3,"column":54}},"2":{"start":{"line":6,"column":26},"end":{"line":118,"column":null}},"3":{"start":{"line":7,"column":28},"end":{"line":7,"column":58}},"4":{"start":{"line":17,"column":22},"end":{"line":102,"column":4}},"5":{"start":{"line":23,"column":10},"end":{"line":26,"column":12}},"6":{"start":{"line":27,"column":10},"end":{"line":27,"column":29}},"7":{"start":{"line":32,"column":10},"end":{"line":35,"column":12}},"8":{"start":{"line":36,"column":10},"end":{"line":36,"column":29}},"9":{"start":{"line":42,"column":10},"end":{"line":45,"column":12}},"10":{"start":{"line":47,"column":10},"end":{"line":47,"column":38}},"11":{"start":{"line":52,"column":10},"end":{"line":55,"column":12}},"12":{"start":{"line":56,"column":10},"end":{"line":56,"column":29}},"13":{"start":{"line":69,"column":26},"end":{"line":69,"column":58}},"14":{"start":{"line":70,"column":10},"end":{"line":73,"column":13}},"15":{"start":{"line":82,"column":26},"end":{"line":82,"column":58}},"16":{"start":{"line":83,"column":10},"end":{"line":86,"column":13}},"17":{"start":{"line":95,"column":26},"end":{"line":95,"column":58}},"18":{"start":{"line":96,"column":10},"end":{"line":98,"column":13}},"19":{"start":{"line":105,"column":4},"end":{"line":112,"column":5}},"20":{"start":{"line":106,"column":6},"end":{"line":106,"column":28}},"21":{"start":{"line":107,"column":6},"end":{"line":107,"column":70}},"22":{"start":{"line":109,"column":6},"end":{"line":109,"column":61}},"23":{"start":{"line":111,"column":6},"end":{"line":111,"column":22}},"24":{"start":{"line":116,"column":4},"end":{"line":116,"column":29}},"25":{"start":{"line":6,"column":13},"end":{"line":6,"column":26}},"26":{"start":{"line":6,"column":13},"end":{"line":118,"column":null}}},"fnMap":{"0":{"name":"(anonymous_1)","decl":{"start":{"line":20,"column":8},"end":{"line":20,"column":13}},"loc":{"start":{"line":20,"column":38},"end":{"line":28,"column":9}}},"1":{"name":"(anonymous_2)","decl":{"start":{"line":30,"column":8},"end":{"line":30,"column":13}},"loc":{"start":{"line":30,"column":39},"end":{"line":37,"column":9}}},"2":{"name":"(anonymous_3)","decl":{"start":{"line":39,"column":8},"end":{"line":39,"column":13}},"loc":{"start":{"line":39,"column":40},"end":{"line":48,"column":9}}},"3":{"name":"(anonymous_4)","decl":{"start":{"line":50,"column":8},"end":{"line":50,"column":13}},"loc":{"start":{"line":50,"column":35},"end":{"line":57,"column":9}}},"4":{"name":"(anonymous_5)","decl":{"start":{"line":68,"column":8},"end":{"line":68,"column":13}},"loc":{"start":{"line":68,"column":50},"end":{"line":74,"column":9}}},"5":{"name":"(anonymous_6)","decl":{"start":{"line":81,"column":8},"end":{"line":81,"column":13}},"loc":{"start":{"line":81,"column":47},"end":{"line":87,"column":9}}},"6":{"name":"(anonymous_7)","decl":{"start":{"line":94,"column":8},"end":{"line":94,"column":13}},"loc":{"start":{"line":94,"column":26},"end":{"line":99,"column":9}}},"7":{"name":"(anonymous_8)","decl":{"start":{"line":104,"column":2},"end":{"line":104,"column":7}},"loc":{"start":{"line":104,"column":20},"end":{"line":113,"column":3}}},"8":{"name":"(anonymous_9)","decl":{"start":{"line":115,"column":2},"end":{"line":115,"column":7}},"loc":{"start":{"line":115,"column":23},"end":{"line":117,"column":3}}}},"branchMap":{"0":{"loc":{"start":{"line":24,"column":16},"end":{"line":24,"column":32}},"type":"binary-expr","locations":[{"start":{"line":24,"column":16},"end":{"line":24,"column":26}},{"start":{"line":24,"column":30},"end":{"line":24,"column":32}}]},"1":{"loc":{"start":{"line":33,"column":16},"end":{"line":33,"column":32}},"type":"binary-expr","locations":[{"start":{"line":33,"column":16},"end":{"line":33,"column":26}},{"start":{"line":33,"column":30},"end":{"line":33,"column":32}}]},"2":{"loc":{"start":{"line":43,"column":16},"end":{"line":43,"column":32}},"type":"binary-expr","locations":[{"start":{"line":43,"column":16},"end":{"line":43,"column":26}},{"start":{"line":43,"column":30},"end":{"line":43,"column":32}}]},"3":{"loc":{"start":{"line":53,"column":16},"end":{"line":53,"column":32}},"type":"binary-expr","locations":[{"start":{"line":53,"column":16},"end":{"line":53,"column":26}},{"start":{"line":53,"column":30},"end":{"line":53,"column":32}}]}},"s":{"0":16,"1":16,"2":16,"3":0,"4":0,"5":0,"6":0,"7":0,"8":0,"9":0,"10":0,"11":0,"12":0,"13":0,"14":0,"15":0,"16":0,"17":0,"18":0,"19":0,"20":0,"21":0,"22":0,"23":0,"24":0,"25":16,"26":16},"f":{"0":0,"1":0,"2":0,"3":0,"4":0,"5":0,"6":0,"7":0,"8":0},"b":{"0":[0,0],"1":[0,0],"2":[0,0],"3":[0,0]}}
,"/Users/nikolas/team-productivity-platform/bff-nestjs/src/prisma/prisma.types.ts": {"path":"/Users/nikolas/team-productivity-platform/bff-nestjs/src/prisma/prisma.types.ts","statementMap":{"0":{"start":{"line":51,"column":0},"end":{"line":51,"column":16}},"1":{"start":{"line":65,"column":0},"end":{"line":65,"column":16}},"2":{"start":{"line":78,"column":0},"end":{"line":78,"column":16}},"3":{"start":{"line":52,"column":2},"end":{"line":55,"column":31}},"4":{"start":{"line":68,"column":2},"end":{"line":71,"column":40}},"5":{"start":{"line":80,"column":2},"end":{"line":82,"column":3}},"6":{"start":{"line":81,"column":4},"end":{"line":81,"column":26}},"7":{"start":{"line":83,"column":2},"end":{"line":83,"column":14}}},"fnMap":{"0":{"name":"withoutDeleted","decl":{"start":{"line":51,"column":16},"end":{"line":51,"column":30}},"loc":{"start":{"line":51,"column":71},"end":{"line":56,"column":1}}},"1":{"name":"onlyDeleted","decl":{"start":{"line":65,"column":16},"end":{"line":65,"column":27}},"loc":{"start":{"line":66,"column":11},"end":{"line":72,"column":1}}},"2":{"name":"softDeleteData","decl":{"start":{"line":78,"column":16},"end":{"line":78,"column":30}},"loc":{"start":{"line":78,"column":69},"end":{"line":84,"column":1}}}},"branchMap":{"0":{"loc":{"start":{"line":53,"column":8},"end":{"line":53,"column":19}},"type":"binary-expr","locations":[{"start":{"line":53,"column":8},"end":{"line":53,"column":13}},{"start":{"line":53,"column":17},"end":{"line":53,"column":19}}]},"1":{"loc":{"start":{"line":69,"column":8},"end":{"line":69,"column":19}},"type":"binary-expr","locations":[{"start":{"line":69,"column":8},"end":{"line":69,"column":13}},{"start":{"line":69,"column":17},"end":{"line":69,"column":19}}]},"2":{"loc":{"start":{"line":80,"column":2},"end":{"line":82,"column":3}},"type":"if","locations":[{"start":{"line":80,"column":2},"end":{"line":82,"column":3}}]},"3":{"loc":{"start":{"line":80,"column":6},"end":{"line":80,"column":58}},"type":"binary-expr","locations":[{"start":{"line":80,"column":6},"end":{"line":80,"column":26}},{"start":{"line":80,"column":30},"end":{"line":80,"column":58}}]}},"s":{"0":0,"1":0,"2":0,"3":0,"4":0,"5":0,"6":0,"7":0},"f":{"0":0,"1":0,"2":0},"b":{"0":[0,0],"1":[0,0],"2":[0],"3":[0,0]}}
,"/Users/nikolas/team-productivity-platform/bff-nestjs/src/storage/storage.service.ts": {"path":"/Users/nikolas/team-productivity-platform/bff-nestjs/src/storage/storage.service.ts","statementMap":{"0":{"start":{"line":1,"column":0},"end":{"line":1,"column":52}},"1":{"start":{"line":2,"column":0},"end":{"line":2,"column":85}},"2":{"start":{"line":3,"column":0},"end":{"line":3,"column":47}},"3":{"start":{"line":6,"column":27},"end":{"line":79,"column":null}},"4":{"start":{"line":8,"column":28},"end":{"line":8,"column":59}},"5":{"start":{"line":10,"column":22},"end":{"line":10,"column":30}},"6":{"start":{"line":12,"column":4},"end":{"line":20,"column":7}},"7":{"start":{"line":24,"column":19},"end":{"line":24,"column":61}},"8":{"start":{"line":25,"column":20},"end":{"line":25,"column":73}},"9":{"start":{"line":27,"column":20},"end":{"line":32,"column":6}},"10":{"start":{"line":34,"column":4},"end":{"line":34,"column":38}},"11":{"start":{"line":36,"column":21},"end":{"line":36,"column":65}},"12":{"start":{"line":37,"column":4},"end":{"line":37,"column":46}},"13":{"start":{"line":46,"column":19},"end":{"line":46,"column":61}},"14":{"start":{"line":48,"column":4},"end":{"line":77,"column":5}},"15":{"start":{"line":53,"column":27},"end":{"line":53,"column":40}},"16":{"start":{"line":54,"column":26},"end":{"line":54,"column":55}},"17":{"start":{"line":56,"column":6},"end":{"line":58,"column":7}},"18":{"start":{"line":57,"column":8},"end":{"line":57,"column":88}},"19":{"start":{"line":61,"column":22},"end":{"line":61,"column":74}},"20":{"start":{"line":63,"column":6},"end":{"line":63,"column":78}},"21":{"start":{"line":65,"column":22},"end":{"line":68,"column":8}},"22":{"start":{"line":70,"column":6},"end":{"line":70,"column":40}},"23":{"start":{"line":72,"column":6},"end":{"line":72,"column":63}},"24":{"start":{"line":74,"column":27},"end":{"line":74,"column":83}},"25":{"start":{"line":75,"column":6},"end":{"line":75,"column":63}},"26":{"start":{"line":76,"column":6},"end":{"line":76,"column":18}},"27":{"start":{"line":6,"column":13},"end":{"line":6,"column":27}},"28":{"start":{"line":6,"column":13},"end":{"line":79,"column":null}}},"fnMap":{"0":{"name":"(anonymous_2)","decl":{"start":{"line":10,"column":2},"end":{"line":10,"column":22}},"loc":{"start":{"line":10,"column":43},"end":{"line":21,"column":3}}},"1":{"name":"(anonymous_3)","decl":{"start":{"line":23,"column":2},"end":{"line":23,"column":7}},"loc":{"start":{"line":23,"column":44},"end":{"line":38,"column":3}}},"2":{"name":"(anonymous_4)","decl":{"start":{"line":45,"column":2},"end":{"line":45,"column":7}},"loc":{"start":{"line":45,"column":34},"end":{"line":78,"column":3}}}},"branchMap":{"0":{"loc":{"start":{"line":56,"column":6},"end":{"line":58,"column":7}},"type":"if","locations":[{"start":{"line":56,"column":6},"end":{"line":58,"column":7}}]},"1":{"loc":{"start":{"line":74,"column":27},"end":{"line":74,"column":83}},"type":"cond-expr","locations":[{"start":{"line":74,"column":52},"end":{"line":74,"column":65}},{"start":{"line":74,"column":68},"end":{"line":74,"column":83}}]}},"s":{"0":4,"1":4,"2":4,"3":4,"4":4,"5":4,"6":4,"7":1,"8":1,"9":1,"10":1,"11":1,"12":1,"13":3,"14":3,"15":3,"16":3,"17":3,"18":1,"19":2,"20":2,"21":2,"22":2,"23":1,"24":2,"25":2,"26":2,"27":4,"28":4},"f":{"0":4,"1":1,"2":3},"b":{"0":[1],"1":[2,0]}}
}
