TN:
SF:src/app.controller.ts
FN:6,(anonymous_2)
FN:9,(anonymous_3)
FNF:2
FNH:1
FNDA:2,(anonymous_2)
FNDA:0,(anonymous_3)
DA:1,1
DA:2,1
DA:5,1
DA:6,2
DA:9,1
DA:11,0
LF:6
LH:5
BRF:0
BRH:0
end_of_record
TN:
SF:src/app.service.ts
FN:7,(anonymous_2)
FN:9,(anonymous_3)
FNF:2
FNH:1
FNDA:2,(anonymous_2)
FNDA:0,(anonymous_3)
DA:1,1
DA:2,1
DA:5,1
DA:7,2
DA:11,0
DA:19,0
LF:6
LH:4
BRF:0
BRH:0
end_of_record
TN:
SF:src/auth/auth.controller.ts
FN:11,(anonymous_4)
FN:16,(anonymous_5)
FN:23,(anonymous_6)
FN:29,(anonymous_7)
FN:37,(anonymous_8)
FNF:5
FNH:5
FNDA:5,(anonymous_4)
FNDA:1,(anonymous_5)
FNDA:1,(anonymous_6)
FNDA:1,(anonymous_7)
FNDA:1,(anonymous_8)
DA:1,1
DA:3,1
DA:4,1
DA:6,1
DA:7,1
DA:10,1
DA:11,5
DA:16,1
DA:17,1
DA:23,1
DA:24,1
DA:29,1
DA:30,1
DA:37,1
DA:42,1
LF:15
LH:15
BRF:0
BRH:0
end_of_record
TN:
SF:src/auth/auth.service.ts
FN:19,(anonymous_11)
FN:25,(anonymous_12)
FN:50,(anonymous_13)
FN:70,(anonymous_14)
FN:88,(anonymous_15)
FN:108,(anonymous_16)
FN:116,(anonymous_17)
FN:144,(anonymous_18)
FNF:8
FNH:8
FNDA:11,(anonymous_11)
FNDA:3,(anonymous_12)
FNDA:2,(anonymous_13)
FNDA:1,(anonymous_14)
FNDA:2,(anonymous_15)
FNDA:1,(anonymous_16)
FNDA:3,(anonymous_17)
FNDA:2,(anonymous_18)
DA:1,2
DA:8,2
DA:9,2
DA:10,2
DA:11,2
DA:16,2
DA:17,11
DA:20,11
DA:21,11
DA:22,11
DA:26,3
DA:30,3
DA:31,1
DA:34,2
DA:36,2
DA:44,1
DA:45,1
DA:47,1
DA:51,2
DA:55,2
DA:56,1
DA:59,1
DA:60,1
DA:61,1
DA:64,0
DA:65,0
DA:67,0
DA:71,1
DA:79,1
DA:85,1
DA:89,2
DA:93,2
DA:94,1
DA:97,1
DA:98,1
DA:99,1
DA:102,0
DA:103,0
DA:105,0
DA:109,1
DA:110,1
DA:117,3
DA:118,3
DA:135,1
DA:137,2
DA:140,2
DA:145,2
DA:147,2
DA:154,2
LF:49
LH:43
BRDA:30,0,0,1
BRDA:55,1,0,1
BRDA:60,2,0,1
BRDA:93,3,0,1
BRDA:98,4,0,1
BRDA:138,5,0,1
BRDA:138,5,1,1
BRF:7
BRH:7
end_of_record
TN:
SF:src/auth/dto/auth.dto.ts
FNF:0
FNH:0
DA:1,1
DA:2,1
DA:4,1
DA:11,1
DA:22,1
DA:31,1
DA:34,1
DA:41,1
DA:49,1
LF:9
LH:9
BRF:0
BRH:0
end_of_record
TN:
SF:src/auth/entities/user.entity.ts
FNF:0
FNH:0
DA:3,0
LF:1
LH:0
BRF:0
BRH:0
end_of_record
TN:
SF:src/auth/guards/at.guard.ts
FN:9,(anonymous_2)
FN:13,(anonymous_3)
FNF:2
FNH:2
FNDA:8,(anonymous_2)
FNDA:2,(anonymous_3)
DA:2,3
DA:3,3
DA:4,3
DA:5,3
DA:8,3
DA:9,8
DA:10,8
DA:14,2
DA:20,2
DA:22,2
DA:23,1
DA:26,1
LF:12
LH:12
BRDA:22,0,0,1
BRF:1
BRH:1
end_of_record
TN:
SF:src/auth/guards/rt.guard.ts
FN:6,(anonymous_2)
FNF:1
FNH:1
FNDA:5,(anonymous_2)
DA:1,1
DA:2,1
DA:5,1
DA:7,5
LF:4
LH:4
BRF:0
BRH:0
end_of_record
TN:
SF:src/common/filters/http-exception.filter.ts
FN:16,(anonymous_2)
FN:18,(anonymous_3)
FNF:2
FNH:2
FNDA:5,(anonymous_2)
FNDA:4,(anonymous_3)
DA:1,1
DA:9,1
DA:13,1
DA:14,5
DA:16,5
DA:19,4
DA:20,4
DA:21,4
DA:22,4
DA:25,4
DA:28,4
DA:29,4
DA:30,1
DA:31,1
DA:32,3
DA:34,2
DA:37,4
DA:46,4
DA:53,4
LF:19
LH:19
BRDA:25,0,0,1
BRDA:25,0,1,3
BRDA:29,1,0,1
BRDA:29,1,1,3
BRDA:31,2,0,0
BRDA:31,2,1,1
BRDA:32,3,0,2
BRDA:34,4,0,2
BRDA:34,4,1,0
BRDA:48,5,0,4
BRDA:48,5,1,0
BRDA:50,6,0,4
BRDA:50,6,1,0
BRF:13
BRH:9
end_of_record
TN:
SF:src/common/guards/roles.guard.ts
FN:10,(anonymous_2)
FN:15,(anonymous_3)
FN:41,(anonymous_4)
FNF:3
FNH:3
FNDA:8,(anonymous_2)
FNDA:5,(anonymous_3)
FNDA:1,(anonymous_4)
DA:1,3
DA:2,3
DA:3,3
DA:4,3
DA:5,3
DA:6,3
DA:9,3
DA:11,8
DA:12,8
DA:17,5
DA:21,5
DA:22,1
DA:26,4
DA:31,4
DA:32,4
DA:33,4
DA:36,4
DA:37,1
DA:41,3
DA:42,1
DA:47,2
DA:48,2
DA:54,2
DA:55,1
DA:59,1
DA:62,1
LF:26
LH:26
BRDA:21,0,0,1
BRDA:36,1,0,1
BRDA:41,2,0,1
BRDA:41,3,0,3
BRDA:41,3,1,1
BRDA:47,4,0,2
BRDA:54,5,0,1
BRF:7
BRH:7
end_of_record
TN:
SF:src/common/guards/team-member.guard.ts
FN:7,(anonymous_2)
FN:9,(anonymous_3)
FNF:2
FNH:2
FNDA:3,(anonymous_2)
FNDA:3,(anonymous_3)
DA:2,1
DA:3,1
DA:6,1
DA:7,3
DA:10,3
DA:11,3
DA:12,3
DA:14,3
DA:15,1
DA:18,2
DA:25,2
DA:26,1
DA:29,1
LF:13
LH:13
BRDA:12,0,0,3
BRDA:12,0,1,2
BRDA:14,1,0,1
BRDA:25,2,0,1
BRF:4
BRH:4
end_of_record
TN:
SF:src/common/guards/team-owner.guard.ts
FN:14,(anonymous_2)
FN:16,(anonymous_3)
FNF:2
FNH:2
FNDA:4,(anonymous_2)
FNDA:3,(anonymous_3)
DA:2,1
DA:9,1
DA:10,1
DA:13,1
DA:14,4
DA:17,3
DA:18,3
DA:21,3
DA:22,0
DA:25,3
DA:26,3
DA:27,3
DA:29,3
DA:30,0
DA:34,3
DA:40,3
DA:41,1
DA:44,2
DA:45,1
DA:48,1
LF:20
LH:18
BRDA:21,0,0,0
BRDA:26,1,0,3
BRDA:26,1,1,0
BRDA:29,2,0,0
BRDA:29,3,0,3
BRDA:29,3,1,3
BRDA:40,4,0,1
BRDA:44,5,0,1
BRF:8
BRH:5
end_of_record
TN:
SF:src/common/infrastructure/queues/in-memory-queue.service.ts
FN:8,(anonymous_1)
FN:12,(anonymous_2)
FNF:2
FNH:0
FNDA:0,(anonymous_1)
FNDA:0,(anonymous_2)
DA:1,0
DA:5,0
DA:6,0
DA:9,0
DA:10,0
DA:12,0
DA:13,0
LF:7
LH:0
BRF:0
BRH:0
end_of_record
TN:
SF:src/common/prisma/soft-delete.extension.ts
FN:8,(anonymous_0)
FN:12,(anonymous_1)
FN:16,(anonymous_2)
FNF:3
FNH:0
FNDA:0,(anonymous_0)
FNDA:0,(anonymous_1)
FNDA:0,(anonymous_2)
DA:2,0
DA:4,0
DA:9,0
DA:10,0
DA:13,0
DA:14,0
DA:17,0
DA:18,0
LF:8
LH:0
BRF:0
BRH:0
end_of_record
TN:
SF:src/config/env.validation.ts
FNF:0
FNH:0
DA:1,0
DA:3,0
LF:2
LH:0
BRF:0
BRH:0
end_of_record
TN:
SF:src/modules/dashboard/dashboard.controller.ts
FN:11,(anonymous_4)
FN:14,(anonymous_5)
FNF:2
FNH:2
FNDA:1,(anonymous_4)
FNDA:1,(anonymous_5)
DA:1,1
DA:2,1
DA:3,1
DA:4,1
DA:10,1
DA:11,1
DA:14,1
DA:15,1
LF:8
LH:8
BRF:0
BRH:0
end_of_record
TN:
SF:src/modules/dashboard/dashboard.service.ts
FN:7,(anonymous_2)
FN:9,(anonymous_3)
FN:31,(anonymous_4)
FN:33,(anonymous_5)
FN:37,(anonymous_6)
FNF:5
FNH:5
FNDA:3,(anonymous_2)
FNDA:3,(anonymous_3)
FNDA:2,(anonymous_4)
FNDA:2,(anonymous_5)
FNDA:2,(anonymous_6)
DA:1,2
DA:2,2
DA:3,2
DA:6,2
DA:7,3
DA:10,3
DA:26,3
DA:27,1
DA:30,2
DA:31,2
DA:32,2
DA:33,2
DA:35,2
DA:36,2
DA:37,2
DA:40,2
DA:50,2
LF:17
LH:17
BRDA:26,0,0,1
BRDA:35,1,0,1
BRDA:35,1,1,1
BRDA:37,2,0,2
BRDA:37,2,1,1
BRDA:37,2,2,1
BRF:6
BRH:6
end_of_record
TN:
SF:src/modules/dashboard/dto/project-stats.dto.ts
FNF:0
FNH:0
DA:1,0
DA:3,0
DA:5,0
DA:8,0
DA:11,0
DA:14,0
DA:17,0
DA:20,0
DA:23,0
LF:9
LH:0
BRF:0
BRH:0
end_of_record
TN:
SF:src/modules/invitations/invitations.controller.ts
FN:13,(anonymous_4)
FN:17,(anonymous_5)
FN:28,(anonymous_6)
FNF:3
FNH:3
FNDA:2,(anonymous_4)
FNDA:1,(anonymous_5)
FNDA:1,(anonymous_6)
DA:1,1
DA:2,1
DA:3,1
DA:4,1
DA:5,1
DA:6,1
DA:12,1
DA:13,2
DA:17,1
DA:23,1
DA:28,1
DA:29,1
LF:12
LH:12
BRF:0
BRH:0
end_of_record
TN:
SF:src/modules/invitations/invitations.processor.ts
FN:10,(anonymous_2)
FN:14,(anonymous_3)
FNF:2
FNH:2
FNDA:2,(anonymous_2)
FNDA:2,(anonymous_3)
DA:1,1
DA:3,1
DA:4,1
DA:7,1
DA:8,2
DA:10,2
DA:11,2
DA:15,2
DA:17,2
DA:19,1
DA:20,1
DA:23,1
LF:12
LH:12
BRDA:17,0,0,1
BRDA:17,0,1,1
BRF:2
BRH:2
end_of_record
TN:
SF:src/modules/invitations/invitations.service.ts
FN:15,(anonymous_2)
FN:22,(anonymous_3)
FN:38,(anonymous_4)
FN:91,(anonymous_5)
FNF:4
FNH:4
FNDA:10,(anonymous_2)
FNDA:5,(anonymous_3)
FNDA:4,(anonymous_4)
FNDA:5,(anonymous_5)
DA:1,2
DA:7,2
DA:8,2
DA:9,2
DA:10,2
DA:11,2
DA:14,2
DA:16,10
DA:17,10
DA:18,10
DA:19,10
DA:29,5
DA:33,5
DA:34,1
DA:38,4
DA:39,4
DA:40,0
DA:42,4
DA:43,1
DA:46,3
DA:49,3
DA:52,3
DA:53,1
DA:57,2
DA:60,2
DA:61,1
DA:65,1
DA:71,1
DA:83,1
DA:85,1
DA:92,5
DA:94,5
DA:95,4
DA:98,4
DA:102,4
DA:107,1
DA:111,3
DA:112,3
DA:113,1
DA:117,2
DA:118,1
DA:121,1
DA:124,1
DA:139,1
DA:141,1
DA:143,4
DA:144,0
DA:146,4
DA:147,1
DA:149,3
LF:50
LH:48
BRDA:26,0,0,5
BRDA:33,1,0,1
BRDA:39,2,0,0
BRDA:42,3,0,1
BRDA:52,4,0,1
BRDA:60,5,0,1
BRDA:102,6,0,1
BRDA:103,7,0,4
BRDA:103,7,1,4
BRDA:103,7,2,3
BRDA:112,8,0,1
BRDA:117,9,0,1
BRDA:121,10,0,1
BRDA:121,10,1,0
BRDA:129,11,0,1
BRDA:129,11,1,0
BRDA:143,12,0,0
BRDA:146,13,0,1
BRF:18
BRH:14
end_of_record
TN:
SF:src/modules/invitations/dto/invitation.dto.ts
FNF:0
FNH:0
DA:1,1
DA:2,1
DA:4,1
DA:7,1
DA:10,1
DA:13,1
DA:16,1
LF:7
LH:7
BRF:0
BRH:0
end_of_record
TN:
SF:src/modules/mail/mail.service.ts
FN:8,(anonymous_4)
FN:14,(anonymous_5)
FN:23,(anonymous_6)
FNF:3
FNH:0
FNDA:0,(anonymous_4)
FNDA:0,(anonymous_5)
FNDA:0,(anonymous_6)
DA:1,4
DA:5,4
DA:6,0
DA:8,0
DA:15,0
DA:16,0
DA:24,0
DA:27,0
LF:8
LH:2
BRF:0
BRH:0
end_of_record
TN:
SF:src/modules/notifications/notifications.gateway.ts
FN:22,(anonymous_4)
FN:28,(anonymous_5)
FN:35,(anonymous_6)
FNF:3
FNH:3
FNDA:1,(anonymous_4)
FNDA:1,(anonymous_5)
FNDA:1,(anonymous_6)
DA:1,5
DA:8,5
DA:9,5
DA:16,5
DA:17,5
DA:18,4
DA:22,5
DA:23,1
DA:24,1
DA:25,1
DA:29,1
DA:36,1
LF:12
LH:12
BRF:0
BRH:0
end_of_record
TN:
SF:src/modules/projects/projects.controller.ts
FN:23,(anonymous_4)
FN:27,(anonymous_5)
FN:33,(anonymous_6)
FN:39,(anonymous_7)
FNF:4
FNH:4
FNDA:3,(anonymous_4)
FNDA:1,(anonymous_5)
FNDA:1,(anonymous_6)
FNDA:1,(anonymous_7)
DA:1,1
DA:11,1
DA:12,1
DA:13,1
DA:14,1
DA:15,1
DA:16,1
DA:22,1
DA:23,3
DA:27,1
DA:28,1
DA:33,1
DA:34,1
DA:39,1
DA:46,1
LF:15
LH:15
BRF:0
BRH:0
end_of_record
TN:
SF:src/modules/projects/projects.service.ts
FN:10,(anonymous_2)
FN:12,(anonymous_3)
FN:31,(anonymous_4)
FN:41,(anonymous_5)
FNF:4
FNH:4
FNDA:7,(anonymous_2)
FNDA:2,(anonymous_3)
FNDA:1,(anonymous_4)
FNDA:4,(anonymous_5)
DA:1,2
DA:2,2
DA:4,2
DA:7,2
DA:8,7
DA:10,7
DA:15,2
DA:19,2
DA:20,1
DA:23,1
DA:33,1
DA:42,4
DA:46,4
DA:47,1
DA:51,3
DA:53,3
DA:54,1
DA:57,2
LF:18
LH:18
BRDA:19,0,0,1
BRDA:46,1,0,1
BRDA:51,2,0,3
BRDA:51,2,1,2
BRDA:53,3,0,1
BRF:5
BRH:5
end_of_record
TN:
SF:src/modules/projects/dto/create-project.dto.ts
FNF:0
FNH:0
DA:1,1
DA:2,1
DA:4,1
DA:10,1
DA:16,1
LF:5
LH:5
BRF:0
BRH:0
end_of_record
TN:
SF:src/modules/tasks/attachments.service.ts
FN:14,(anonymous_2)
FN:19,(anonymous_3)
FN:32,(anonymous_4)
FN:48,(anonymous_5)
FNF:4
FNH:4
FNDA:10,(anonymous_2)
FNDA:1,(anonymous_3)
FNDA:8,(anonymous_4)
FNDA:5,(anonymous_5)
DA:1,3
DA:7,3
DA:8,3
DA:11,3
DA:12,10
DA:15,10
DA:16,10
DA:23,1
DA:24,1
DA:34,8
DA:41,8
DA:42,3
DA:45,5
DA:49,5
DA:53,4
DA:54,4
DA:59,3
DA:63,3
DA:64,3
DA:65,0
DA:67,3
DA:68,3
DA:75,3
DA:77,1
DA:78,1
DA:79,1
LF:26
LH:25
BRDA:41,0,0,3
BRDA:67,1,0,3
BRDA:67,1,1,0
BRDA:77,2,0,1
BRDA:77,2,1,0
BRF:5
BRH:3
end_of_record
TN:
SF:src/modules/tasks/tasks.controller.ts
FN:29,(anonymous_4)
FN:36,(anonymous_5)
FN:43,(anonymous_6)
FN:60,(anonymous_7)
FN:84,(anonymous_8)
FNF:5
FNH:5
FNDA:5,(anonymous_4)
FNDA:1,(anonymous_5)
FNDA:1,(anonymous_6)
FNDA:1,(anonymous_7)
FNDA:1,(anonymous_8)
DA:1,1
DA:16,1
DA:17,1
DA:18,1
DA:19,1
DA:20,1
DA:21,1
DA:22,1
DA:28,1
DA:30,5
DA:31,5
DA:36,1
DA:38,1
DA:43,1
DA:47,1
DA:60,1
DA:73,1
DA:74,1
DA:84,1
DA:86,1
LF:20
LH:20
BRF:0
BRH:0
end_of_record
TN:
SF:src/modules/tasks/tasks.service.ts
FN:18,(anonymous_2)
FN:25,(anonymous_3)
FN:66,(anonymous_4)
FN:87,(anonymous_5)
FN:93,(anonymous_6)
FN:140,(anonymous_7)
FN:149,(anonymous_8)
FNF:7
FNH:5
FNDA:8,(anonymous_2)
FNDA:2,(anonymous_3)
FNDA:2,(anonymous_4)
FNDA:2,(anonymous_5)
FNDA:2,(anonymous_6)
FNDA:0,(anonymous_7)
FNDA:0,(anonymous_8)
DA:1,2
DA:8,2
DA:10,2
DA:11,2
DA:12,2
DA:15,2
DA:16,8
DA:19,8
DA:20,8
DA:21,8
DA:22,8
DA:27,2
DA:41,2
DA:42,2
DA:45,0
DA:57,0
DA:58,0
DA:60,0
DA:63,0
DA:76,2
DA:80,2
DA:81,1
DA:84,1
DA:90,2
DA:95,2
DA:106,2
DA:107,1
DA:110,1
DA:141,0
DA:151,0
DA:156,0
DA:157,0
DA:158,0
DA:160,0
DA:165,0
LF:35
LH:23
BRDA:41,0,0,2
BRDA:52,1,0,0
BRDA:52,1,1,0
BRDA:80,2,0,1
BRDA:106,3,0,1
BRF:5
BRH:3
end_of_record
TN:
SF:src/modules/tasks/dto/create-task.dto.ts
FNF:0
FNH:0
DA:1,1
DA:2,1
DA:3,1
DA:5,1
DA:12,1
DA:20,1
DA:29,1
DA:37,1
DA:45,1
DA:53,1
LF:10
LH:10
BRF:0
BRH:0
end_of_record
TN:
SF:src/modules/teams/teams.controller.ts
FN:29,(anonymous_4)
FN:34,(anonymous_5)
FN:40,(anonymous_6)
FN:47,(anonymous_7)
FNF:4
FNH:0
FNDA:0,(anonymous_4)
FNDA:0,(anonymous_5)
FNDA:0,(anonymous_6)
FNDA:0,(anonymous_7)
DA:2,0
DA:12,0
DA:13,0
DA:14,0
DA:17,0
DA:18,0
DA:19,0
DA:20,0
DA:21,0
DA:22,0
DA:28,0
DA:29,0
DA:34,0
DA:35,0
DA:40,0
DA:41,0
DA:47,0
DA:48,0
LF:18
LH:0
BRF:0
BRH:0
end_of_record
TN:
SF:src/modules/teams/teams.service.ts
FN:11,(anonymous_2)
FN:13,(anonymous_3)
FN:14,(anonymous_4)
FN:32,(anonymous_5)
FN:47,(anonymous_6)
FN:48,(anonymous_7)
FNF:6
FNH:4
FNDA:3,(anonymous_2)
FNDA:1,(anonymous_3)
FNDA:1,(anonymous_4)
FNDA:1,(anonymous_5)
FNDA:0,(anonymous_6)
FNDA:0,(anonymous_7)
DA:2,1
DA:3,1
DA:5,1
DA:8,1
DA:9,3
DA:11,3
DA:14,1
DA:15,1
DA:19,1
DA:27,1
DA:28,1
DA:33,1
DA:48,0
DA:49,0
DA:52,0
DA:58,0
DA:64,0
DA:69,0
DA:72,0
LF:19
LH:12
BRF:0
BRH:0
end_of_record
TN:
SF:src/modules/teams/dto/create-team.dto.ts
FNF:0
FNH:0
DA:1,0
DA:2,0
DA:4,0
DA:13,0
LF:4
LH:0
BRF:0
BRH:0
end_of_record
TN:
SF:src/modules/teams/dto/invite-member.dto.ts
FN:12,(anonymous_2)
FNF:1
FNH:0
FNDA:0,(anonymous_2)
DA:1,0
DA:2,0
DA:3,0
DA:5,0
DA:12,0
DA:13,0
LF:6
LH:0
BRF:0
BRH:0
end_of_record
TN:
SF:src/prisma/prisma.service.ts
FN:20,(anonymous_1)
FN:30,(anonymous_2)
FN:39,(anonymous_3)
FN:50,(anonymous_4)
FN:68,(anonymous_5)
FN:81,(anonymous_6)
FN:94,(anonymous_7)
FN:104,(anonymous_8)
FN:115,(anonymous_9)
FNF:9
FNH:0
FNDA:0,(anonymous_1)
FNDA:0,(anonymous_2)
FNDA:0,(anonymous_3)
FNDA:0,(anonymous_4)
FNDA:0,(anonymous_5)
FNDA:0,(anonymous_6)
FNDA:0,(anonymous_7)
FNDA:0,(anonymous_8)
FNDA:0,(anonymous_9)
DA:1,16
DA:3,16
DA:6,16
DA:7,0
DA:17,0
DA:23,0
DA:27,0
DA:32,0
DA:36,0
DA:42,0
DA:47,0
DA:52,0
DA:56,0
DA:69,0
DA:70,0
DA:82,0
DA:83,0
DA:95,0
DA:96,0
DA:105,0
DA:106,0
DA:107,0
DA:109,0
DA:111,0
DA:116,0
LF:25
LH:3
BRDA:24,0,0,0
BRDA:24,0,1,0
BRDA:33,1,0,0
BRDA:33,1,1,0
BRDA:43,2,0,0
BRDA:43,2,1,0
BRDA:53,3,0,0
BRDA:53,3,1,0
BRF:8
BRH:0
end_of_record
TN:
SF:src/prisma/prisma.types.ts
FN:51,withoutDeleted
FN:65,onlyDeleted
FN:78,softDeleteData
FNF:3
FNH:0
FNDA:0,withoutDeleted
FNDA:0,onlyDeleted
FNDA:0,softDeleteData
DA:51,0
DA:52,0
DA:65,0
DA:68,0
DA:78,0
DA:80,0
DA:81,0
DA:83,0
LF:8
LH:0
BRDA:53,0,0,0
BRDA:53,0,1,0
BRDA:69,1,0,0
BRDA:69,1,1,0
BRDA:80,2,0,0
BRDA:80,3,0,0
BRDA:80,3,1,0
BRF:7
BRH:0
end_of_record
TN:
SF:src/storage/storage.service.ts
FN:10,(anonymous_2)
FN:23,(anonymous_3)
FN:45,(anonymous_4)
FNF:3
FNH:3
FNDA:4,(anonymous_2)
FNDA:1,(anonymous_3)
FNDA:3,(anonymous_4)
DA:1,4
DA:2,4
DA:3,4
DA:6,4
DA:8,4
DA:10,4
DA:12,4
DA:24,1
DA:25,1
DA:27,1
DA:34,1
DA:36,1
DA:37,1
DA:46,3
DA:48,3
DA:53,3
DA:54,3
DA:56,3
DA:57,1
DA:61,2
DA:63,2
DA:65,2
DA:70,2
DA:72,1
DA:74,2
DA:75,2
DA:76,2
LF:27
LH:27
BRDA:56,0,0,1
BRDA:74,1,0,2
BRDA:74,1,1,0
BRF:3
BRH:2
end_of_record
